[  1453.362] (WW) Failed to open protocol names file lib/xorg/protocol.txt
[  1453.363] 
X.Org X Server 1.20.8
X Protocol Version 11, Revision 0
[  1453.363] Build Operating System: Linux Arch Linux
[  1453.363] Current Operating System: Linux Arch 5.6.3-arch1-1 #1 SMP PREEMPT Wed, 08 Apr 2020 07:47:16 +0000 x86_64
[  1453.363] Kernel command line: BOOT_IMAGE=/boot/vmlinuz-linux root=UUID=6071250b-def5-4d20-a92f-f326743b2107 rw loglevel=3 quiet
[  1453.363] Build Date: 30 March 2020  05:05:45AM
[  1453.363]  
[  1453.363] Current version of pixman: 0.38.4
[  1453.363] 	Before reporting problems, check http://wiki.x.org
	to make sure that you have the latest version.
[  1453.363] Markers: (--) probed, (**) from config file, (==) default setting,
	(++) from command line, (!!) notice, (II) informational,
	(WW) warning, (EE) error, (NI) not implemented, (??) unknown.
[  1453.363] (==) Log file: "/home/trudy/.local/share/xorg/Xorg.1.log", Time: Sat Apr 11 00:35:07 2020
[  1453.364] (==) Using system config directory "/usr/share/X11/xorg.conf.d"
[  1453.364] (==) No Layout section.  Using the first Screen section.
[  1453.364] (==) No screen section available. Using defaults.
[  1453.364] (**) |-->Screen "Default Screen Section" (0)
[  1453.364] (**) |   |-->Monitor "<default monitor>"
[  1453.364] (==) No monitor specified for screen "Default Screen Section".
	Using a default monitor configuration.
[  1453.364] (==) Automatically adding devices
[  1453.364] (==) Automatically enabling devices
[  1453.364] (==) Automatically adding GPU devices
[  1453.364] (==) Automatically binding GPU devices
[  1453.364] (==) Max clients allowed: 256, resource mask: 0x1fffff
[  1453.364] (WW) The directory "/usr/share/fonts/OTF" does not exist.
[  1453.364] 	Entry deleted from font path.
[  1453.364] (WW) The directory "/usr/share/fonts/Type1" does not exist.
[  1453.364] 	Entry deleted from font path.
[  1453.364] (WW) The directory "/usr/share/fonts/100dpi" does not exist.
[  1453.364] 	Entry deleted from font path.
[  1453.364] (WW) The directory "/usr/share/fonts/75dpi" does not exist.
[  1453.364] 	Entry deleted from font path.
[  1453.364] (==) FontPath set to:
	/usr/share/fonts/misc,
	/usr/share/fonts/TTF
[  1453.364] (==) ModulePath set to "/usr/lib/xorg/modules"
[  1453.364] (II) The server relies on udev to provide the list of input devices.
	If no devices become available, reconfigure udev or disable AutoAddDevices.
[  1453.364] (II) Module ABI versions:
[  1453.364] 	X.Org ANSI C Emulation: 0.4
[  1453.364] 	X.Org Video Driver: 24.1
[  1453.364] 	X.Org XInput driver : 24.1
[  1453.364] 	X.Org Server Extension : 10.0
[  1453.365] (++) using VT number 2

[  1453.367] (II) systemd-logind: took control of session /org/freedesktop/login1/session/_33
[  1453.368] (II) xfree86: Adding drm device (/dev/dri/card1)
[  1453.369] (II) systemd-logind: got fd for /dev/dri/card1 226:1 fd 10 paused 0
[  1453.370] (II) xfree86: Adding drm device (/dev/dri/card0)
[  1453.371] (II) systemd-logind: got fd for /dev/dri/card0 226:0 fd 11 paused 0
[  1453.375] (--) PCI:*(0@0:2:0) 8086:0116:144d:c0b6 rev 9, Mem @ 0xe1000000/4194304, 0xd0000000/268435456, I/O @ 0x00004000/64, BIOS @ 0x????????/131072
[  1453.375] (--) PCI: (1@0:0:0) 10de:1051:144d:c0b6 rev 161, Mem @ 0xe0000000/16777216, 0xb0000000/268435456, 0xc0000000/33554432, I/O @ 0x00003000/128
[  1453.375] (WW) Open ACPI failed (/var/run/acpid.socket) (No such file or directory)
[  1453.375] (II) LoadModule: "glx"
[  1453.375] (II) Loading /usr/lib/xorg/modules/extensions/libglx.so
[  1453.378] (II) Module glx: vendor="X.Org Foundation"
[  1453.378] 	compiled for 1.20.8, module version = 1.0.0
[  1453.378] 	ABI class: X.Org Server Extension, version 10.0
[  1453.378] (==) Matched intel as autoconfigured driver 0
[  1453.378] (==) Matched nouveau as autoconfigured driver 1
[  1453.378] (==) Matched nv as autoconfigured driver 2
[  1453.378] (==) Matched modesetting as autoconfigured driver 3
[  1453.378] (==) Matched fbdev as autoconfigured driver 4
[  1453.378] (==) Matched vesa as autoconfigured driver 5
[  1453.378] (==) Assigned the driver to the xf86ConfigLayout
[  1453.378] (II) LoadModule: "intel"
[  1453.379] (WW) Warning, couldn't open module intel
[  1453.379] (EE) Failed to load module "intel" (module does not exist, 0)
[  1453.379] (II) LoadModule: "nouveau"
[  1453.379] (WW) Warning, couldn't open module nouveau
[  1453.379] (EE) Failed to load module "nouveau" (module does not exist, 0)
[  1453.379] (II) LoadModule: "nv"
[  1453.379] (WW) Warning, couldn't open module nv
[  1453.379] (EE) Failed to load module "nv" (module does not exist, 0)
[  1453.379] (II) LoadModule: "modesetting"
[  1453.379] (II) Loading /usr/lib/xorg/modules/drivers/modesetting_drv.so
[  1453.380] (II) Module modesetting: vendor="X.Org Foundation"
[  1453.380] 	compiled for 1.20.8, module version = 1.20.8
[  1453.380] 	Module class: X.Org Video Driver
[  1453.380] 	ABI class: X.Org Video Driver, version 24.1
[  1453.380] (II) LoadModule: "fbdev"
[  1453.381] (WW) Warning, couldn't open module fbdev
[  1453.381] (EE) Failed to load module "fbdev" (module does not exist, 0)
[  1453.381] (II) LoadModule: "vesa"
[  1453.381] (WW) Warning, couldn't open module vesa
[  1453.381] (EE) Failed to load module "vesa" (module does not exist, 0)
[  1453.381] (II) modesetting: Driver for Modesetting Kernel Drivers: kms
[  1453.381] (II) modeset(0): using drv /dev/dri/card0
[  1453.381] (II) modeset(G0): using drv /dev/dri/card1
[  1453.381] (WW) VGA arbiter: cannot open kernel arbiter, no multi-card support
[  1453.381] (II) modeset(0): Creating default Display subsection in Screen section
	"Default Screen Section" for depth/fbbpp 24/32
[  1453.381] (==) modeset(0): Depth 24, (==) framebuffer bpp 32
[  1453.381] (==) modeset(0): RGB weight 888
[  1453.381] (==) modeset(0): Default visual is TrueColor
[  1453.381] (II) Loading sub module "glamoregl"
[  1453.381] (II) LoadModule: "glamoregl"
[  1453.381] (II) Loading /usr/lib/xorg/modules/libglamoregl.so
[  1453.385] (II) Module glamoregl: vendor="X.Org Foundation"
[  1453.385] 	compiled for 1.20.8, module version = 1.0.1
[  1453.385] 	ABI class: X.Org ANSI C Emulation, version 0.4
[  1453.405] (II) modeset(0): glamor X acceleration enabled on Mesa DRI Intel(R) HD Graphics 3000 (SNB GT2)
[  1453.405] (II) modeset(0): glamor initialized
[  1453.405] (II) modeset(0): Output LVDS-1 has no monitor section
[  1453.406] (II) modeset(0): Output VGA-1 has no monitor section
[  1453.407] (II) modeset(0): Output HDMI-1 has no monitor section
[  1453.407] (II) modeset(0): Output DP-1 has no monitor section
[  1453.408] (II) modeset(0): EDID for output LVDS-1
[  1453.408] (II) modeset(0): Manufacturer: SEC  Model: 3649  Serial#: 0
[  1453.408] (II) modeset(0): Year: 2011  Week: 0
[  1453.408] (II) modeset(0): EDID Version: 1.3
[  1453.408] (II) modeset(0): Digital Display Input
[  1453.408] (II) modeset(0): Max Image Size [cm]: horiz.: 31  vert.: 17
[  1453.408] (II) modeset(0): Gamma: 2.20
[  1453.408] (II) modeset(0): No DPMS capabilities specified
[  1453.408] (II) modeset(0): Supported color encodings: RGB 4:4:4 YCrCb 4:4:4 
[  1453.408] (II) modeset(0): First detailed timing is preferred mode
[  1453.408] (II) modeset(0): redX: 0.565 redY: 0.350   greenX: 0.340 greenY: 0.565
[  1453.408] (II) modeset(0): blueX: 0.155 blueY: 0.120   whiteX: 0.313 whiteY: 0.329
[  1453.408] (II) modeset(0): Manufacturer's mask: 0
[  1453.408] (II) modeset(0): Supported detailed timing:
[  1453.408] (II) modeset(0): clock: 70.7 MHz   Image Size:  309 x 174 mm
[  1453.408] (II) modeset(0): h_active: 1366  h_sync: 1414  h_sync_end 1446 h_blank_end 1486 h_border: 0
[  1453.408] (II) modeset(0): v_active: 768  v_sync: 770  v_sync_end 775 v_blanking: 792 v_border: 0
[  1453.408] (II) modeset(0): Unknown vendor-specific block f
[  1453.408] (II) modeset(0):  SAMSUNG
[  1453.408] (II) modeset(0):  LTN140AT210
[  1453.408] (II) modeset(0): EDID (in hex):
[  1453.408] (II) modeset(0): 	00ffffffffffff004ca3493600000000
[  1453.408] (II) modeset(0): 	00150103801f11780ae3f59059579027
[  1453.408] (II) modeset(0): 	1e505400000001010101010101010101
[  1453.408] (II) modeset(0): 	0101010101019e1b5678500018303020
[  1453.408] (II) modeset(0): 	250035ae100000190000000f00000000
[  1453.408] (II) modeset(0): 	00000000001eb4027400000000fe0053
[  1453.408] (II) modeset(0): 	414d53554e470a2020202020000000fe
[  1453.408] (II) modeset(0): 	004c544e31343041543231300a20001c
[  1453.408] (II) modeset(0): Printing probed modes for output LVDS-1
[  1453.408] (II) modeset(0): Modeline "1366x768"x60.1   70.70  1366 1414 1446 1486  768 770 775 792 -hsync -vsync (47.6 kHz eP)
[  1453.408] (II) modeset(0): Modeline "1280x720"x120.0  156.12  1280 1376 1512 1744  720 721 724 746 doublescan -hsync +vsync (89.5 kHz d)
[  1453.408] (II) modeset(0): Modeline "1280x720"x120.0  120.75  1280 1304 1320 1360  720 721 724 740 doublescan +hsync -vsync (88.8 kHz d)
[  1453.408] (II) modeset(0): Modeline "1280x720"x59.9   74.50  1280 1344 1472 1664  720 723 728 748 -hsync +vsync (44.8 kHz d)
[  1453.408] (II) modeset(0): Modeline "1280x720"x59.7   63.75  1280 1328 1360 1440  720 723 728 741 +hsync -vsync (44.3 kHz d)
[  1453.408] (II) modeset(0): Modeline "1024x768"x120.1  133.47  1024 1100 1212 1400  768 768 770 794 doublescan -hsync +vsync (95.3 kHz d)
[  1453.408] (II) modeset(0): Modeline "1024x768"x60.0   65.00  1024 1048 1184 1344  768 771 777 806 -hsync -vsync (48.4 kHz d)
[  1453.408] (II) modeset(0): Modeline "960x720"x120.0  117.00  960 1024 1128 1300  720 720 722 750 doublescan -hsync +vsync (90.0 kHz d)
[  1453.408] (II) modeset(0): Modeline "928x696"x120.1  109.15  928 976 1088 1264  696 696 698 719 doublescan -hsync +vsync (86.4 kHz d)
[  1453.408] (II) modeset(0): Modeline "896x672"x120.0  102.40  896 960 1060 1224  672 672 674 697 doublescan -hsync +vsync (83.7 kHz d)
[  1453.408] (II) modeset(0): Modeline "1024x576"x119.9   98.50  1024 1092 1200 1376  576 577 580 597 doublescan -hsync +vsync (71.6 kHz d)
[  1453.408] (II) modeset(0): Modeline "1024x576"x119.9   78.38  1024 1048 1064 1104  576 577 580 592 doublescan +hsync -vsync (71.0 kHz d)
[  1453.408] (II) modeset(0): Modeline "1024x576"x59.9   46.50  1024 1064 1160 1296  576 579 584 599 -hsync +vsync (35.9 kHz d)
[  1453.408] (II) modeset(0): Modeline "1024x576"x59.8   42.00  1024 1072 1104 1184  576 579 584 593 +hsync -vsync (35.5 kHz d)
[  1453.408] (II) modeset(0): Modeline "960x600"x119.9   96.62  960 1028 1128 1296  600 601 604 622 doublescan -hsync +vsync (74.6 kHz d)
[  1453.408] (II) modeset(0): Modeline "960x600"x120.0   77.00  960 984 1000 1040  600 601 604 617 doublescan +hsync -vsync (74.0 kHz d)
[  1453.408] (II) modeset(0): Modeline "960x540"x119.9   86.50  960 1024 1124 1288  540 541 544 560 doublescan -hsync +vsync (67.2 kHz d)
[  1453.408] (II) modeset(0): Modeline "960x540"x120.0   69.25  960 984 1000 1040  540 541 544 555 doublescan +hsync -vsync (66.6 kHz d)
[  1453.408] (II) modeset(0): Modeline "960x540"x59.6   40.75  960 992 1088 1216  540 543 548 562 -hsync +vsync (33.5 kHz d)
[  1453.408] (II) modeset(0): Modeline "960x540"x59.8   37.25  960 1008 1040 1120  540 543 548 556 +hsync -vsync (33.3 kHz d)
[  1453.408] (II) modeset(0): Modeline "800x600"x120.0   81.00  800 832 928 1080  600 600 602 625 doublescan +hsync +vsync (75.0 kHz d)
[  1453.408] (II) modeset(0): Modeline "800x600"x60.3   40.00  800 840 968 1056  600 601 605 628 +hsync +vsync (37.9 kHz d)
[  1453.408] (II) modeset(0): Modeline "800x600"x56.2   36.00  800 824 896 1024  600 601 603 625 +hsync +vsync (35.2 kHz d)
[  1453.408] (II) modeset(0): Modeline "840x525"x120.0   73.12  840 892 980 1120  525 526 529 544 doublescan -hsync +vsync (65.3 kHz d)
[  1453.408] (II) modeset(0): Modeline "840x525"x119.8   59.50  840 864 880 920  525 526 529 540 doublescan +hsync -vsync (64.7 kHz d)
[  1453.408] (II) modeset(0): Modeline "864x486"x59.9   32.50  864 888 968 1072  486 489 494 506 -hsync +vsync (30.3 kHz d)
[  1453.408] (II) modeset(0): Modeline "864x486"x59.6   30.50  864 912 944 1024  486 489 494 500 +hsync -vsync (29.8 kHz d)
[  1453.408] (II) modeset(0): Modeline "700x525"x120.0   61.00  700 744 820 940  525 526 532 541 doublescan +hsync +vsync (64.9 kHz d)
[  1453.408] (II) modeset(0): Modeline "800x450"x119.9   59.12  800 848 928 1056  450 451 454 467 doublescan -hsync +vsync (56.0 kHz d)
[  1453.408] (II) modeset(0): Modeline "800x450"x119.6   48.75  800 824 840 880  450 451 454 463 doublescan +hsync -vsync (55.4 kHz d)
[  1453.408] (II) modeset(0): Modeline "640x512"x120.0   54.00  640 664 720 844  512 512 514 533 doublescan +hsync +vsync (64.0 kHz d)
[  1453.408] (II) modeset(0): Modeline "700x450"x119.9   51.75  700 740 812 924  450 451 456 467 doublescan -hsync +vsync (56.0 kHz d)
[  1453.408] (II) modeset(0): Modeline "700x450"x119.8   43.25  700 724 740 780  450 451 456 463 doublescan +hsync -vsync (55.4 kHz d)
[  1453.408] (II) modeset(0): Modeline "640x480"x120.0   54.00  640 688 744 900  480 480 482 500 doublescan +hsync +vsync (60.0 kHz d)
[  1453.408] (II) modeset(0): Modeline "640x480"x59.9   25.18  640 656 752 800  480 490 492 525 -hsync -vsync (31.5 kHz d)
[  1453.408] (II) modeset(0): Modeline "720x405"x59.5   22.50  720 744 808 896  405 408 413 422 -hsync +vsync (25.1 kHz d)
[  1453.408] (II) modeset(0): Modeline "720x405"x59.0   21.75  720 768 800 880  405 408 413 419 +hsync -vsync (24.7 kHz d)
[  1453.408] (II) modeset(0): Modeline "684x384"x119.8   42.62  684 720 788 892  384 385 390 399 doublescan -hsync +vsync (47.8 kHz d)
[  1453.408] (II) modeset(0): Modeline "684x384"x119.7   36.12  684 708 724 764  384 385 390 395 doublescan +hsync -vsync (47.3 kHz d)
[  1453.408] (II) modeset(0): Modeline "640x400"x119.8   41.75  640 676 740 840  400 401 404 415 doublescan -hsync +vsync (49.7 kHz d)
[  1453.408] (II) modeset(0): Modeline "640x400"x120.0   35.50  640 664 680 720  400 401 404 411 doublescan +hsync -vsync (49.3 kHz d)
[  1453.408] (II) modeset(0): Modeline "640x360"x119.7   37.25  640 672 736 832  360 361 364 374 doublescan -hsync +vsync (44.8 kHz d)
[  1453.408] (II) modeset(0): Modeline "640x360"x119.7   31.88  640 664 680 720  360 361 364 370 doublescan +hsync -vsync (44.3 kHz d)
[  1453.408] (II) modeset(0): Modeline "640x360"x59.8   18.00  640 664 720 800  360 363 368 376 -hsync +vsync (22.5 kHz d)
[  1453.408] (II) modeset(0): Modeline "640x360"x59.3   17.75  640 688 720 800  360 363 368 374 +hsync -vsync (22.2 kHz d)
[  1453.408] (II) modeset(0): Modeline "512x384"x120.0   32.50  512 524 592 672  384 385 388 403 doublescan -hsync -vsync (48.4 kHz d)
[  1453.408] (II) modeset(0): Modeline "512x288"x120.0   23.25  512 532 580 648  288 289 292 299 doublescan -hsync +vsync (35.9 kHz d)
[  1453.408] (II) modeset(0): Modeline "512x288"x119.8   21.00  512 536 552 592  288 289 292 296 doublescan +hsync -vsync (35.5 kHz d)
[  1453.408] (II) modeset(0): Modeline "480x270"x119.3   20.38  480 496 544 608  270 271 274 281 doublescan -hsync +vsync (33.5 kHz d)
[  1453.408] (II) modeset(0): Modeline "480x270"x119.6   18.62  480 504 520 560  270 271 274 278 doublescan +hsync -vsync (33.3 kHz d)
[  1453.408] (II) modeset(0): Modeline "400x300"x120.6   20.00  400 420 484 528  300 300 302 314 doublescan +hsync +vsync (37.9 kHz d)
[  1453.408] (II) modeset(0): Modeline "400x300"x112.7   18.00  400 412 448 512  300 300 301 312 doublescan +hsync +vsync (35.2 kHz d)
[  1453.408] (II) modeset(0): Modeline "432x243"x119.8   16.25  432 444 484 536  243 244 247 253 doublescan -hsync +vsync (30.3 kHz d)
[  1453.408] (II) modeset(0): Modeline "432x243"x119.1   15.25  432 456 472 512  243 244 247 250 doublescan +hsync -vsync (29.8 kHz d)
[  1453.408] (II) modeset(0): Modeline "320x240"x120.1   12.59  320 328 376 400  240 245 246 262 doublescan -hsync -vsync (31.5 kHz d)
[  1453.408] (II) modeset(0): Modeline "360x202"x119.0   11.25  360 372 404 448  202 204 206 211 doublescan -hsync +vsync (25.1 kHz d)
[  1453.408] (II) modeset(0): Modeline "360x202"x118.3   10.88  360 384 400 440  202 204 206 209 doublescan +hsync -vsync (24.7 kHz d)
[  1453.408] (II) modeset(0): Modeline "320x180"x119.7    9.00  320 332 360 400  180 181 184 188 doublescan -hsync +vsync (22.5 kHz d)
[  1453.408] (II) modeset(0): Modeline "320x180"x118.6    8.88  320 344 360 400  180 181 184 187 doublescan +hsync -vsync (22.2 kHz d)
[  1453.410] (II) modeset(0): EDID for output VGA-1
[  1453.411] (II) modeset(0): EDID for output HDMI-1
[  1453.411] (II) modeset(0): EDID for output DP-1
[  1453.411] (II) modeset(0): Output LVDS-1 connected
[  1453.411] (II) modeset(0): Output VGA-1 disconnected
[  1453.411] (II) modeset(0): Output HDMI-1 disconnected
[  1453.411] (II) modeset(0): Output DP-1 disconnected
[  1453.411] (II) modeset(0): Using exact sizes for initial modes
[  1453.411] (II) modeset(0): Output LVDS-1 using initial mode 1366x768 +0+0
[  1453.411] (==) modeset(0): Using gamma correction (1.0, 1.0, 1.0)
[  1453.411] (==) modeset(0): DPI set to (96, 96)
[  1453.411] (II) Loading sub module "fb"
[  1453.411] (II) LoadModule: "fb"
[  1453.411] (II) Loading /usr/lib/xorg/modules/libfb.so
[  1453.411] (II) Module fb: vendor="X.Org Foundation"
[  1453.411] 	compiled for 1.20.8, module version = 1.0.0
[  1453.411] 	ABI class: X.Org ANSI C Emulation, version 0.4
[  1453.412] (==) modeset(G0): Depth 24, (==) framebuffer bpp 32
[  1453.412] (==) modeset(G0): RGB weight 888
[  1453.412] (==) modeset(G0): Default visual is TrueColor
[  1453.412] (II) Loading sub module "glamoregl"
[  1453.412] (II) LoadModule: "glamoregl"
[  1453.412] (II) Loading /usr/lib/xorg/modules/libglamoregl.so
[  1453.412] (II) Module glamoregl: vendor="X.Org Foundation"
[  1453.412] 	compiled for 1.20.8, module version = 1.0.1
[  1453.412] 	ABI class: X.Org ANSI C Emulation, version 0.4
[  1453.490] (II) modeset(G0): glamor X acceleration enabled on NVD9
[  1453.490] (II) modeset(G0): glamor initialized
[  1453.501] (II) modeset(G0): Output VGA-1-2 has no monitor section
[  1453.512] (II) modeset(G0): EDID for output VGA-1-2
[  1453.512] (II) modeset(G0): Printing probed modes for output VGA-1-2
[  1453.512] (II) modeset(G0): Modeline "1024x768"x120.1  133.47  1024 1100 1212 1400  768 768 770 794 doublescan -hsync +vsync (95.3 kHz d)
[  1453.513] (II) modeset(G0): Modeline "1024x768"x60.0   65.00  1024 1048 1184 1344  768 771 777 806 -hsync -vsync (48.4 kHz e)
[  1453.513] (II) modeset(G0): Modeline "960x720"x120.0  117.00  960 1024 1128 1300  720 720 722 750 doublescan -hsync +vsync (90.0 kHz d)
[  1453.513] (II) modeset(G0): Modeline "928x696"x120.1  109.15  928 976 1088 1264  696 696 698 719 doublescan -hsync +vsync (86.4 kHz d)
[  1453.513] (II) modeset(G0): Modeline "896x672"x120.0  102.40  896 960 1060 1224  672 672 674 697 doublescan -hsync +vsync (83.7 kHz d)
[  1453.513] (II) modeset(G0): Modeline "1024x576"x119.9   98.50  1024 1092 1200 1376  576 577 580 597 doublescan -hsync +vsync (71.6 kHz d)
[  1453.513] (II) modeset(G0): Modeline "1024x576"x119.9   78.38  1024 1048 1064 1104  576 577 580 592 doublescan +hsync -vsync (71.0 kHz d)
[  1453.513] (II) modeset(G0): Modeline "1024x576"x59.9   46.50  1024 1064 1160 1296  576 579 584 599 -hsync +vsync (35.9 kHz d)
[  1453.513] (II) modeset(G0): Modeline "1024x576"x59.8   42.00  1024 1072 1104 1184  576 579 584 593 +hsync -vsync (35.5 kHz d)
[  1453.513] (II) modeset(G0): Modeline "960x600"x119.9   96.62  960 1028 1128 1296  600 601 604 622 doublescan -hsync +vsync (74.6 kHz d)
[  1453.513] (II) modeset(G0): Modeline "960x600"x120.0   77.00  960 984 1000 1040  600 601 604 617 doublescan +hsync -vsync (74.0 kHz d)
[  1453.513] (II) modeset(G0): Modeline "960x540"x119.9   86.50  960 1024 1124 1288  540 541 544 560 doublescan -hsync +vsync (67.2 kHz d)
[  1453.513] (II) modeset(G0): Modeline "960x540"x120.0   69.25  960 984 1000 1040  540 541 544 555 doublescan +hsync -vsync (66.6 kHz d)
[  1453.513] (II) modeset(G0): Modeline "960x540"x59.6   40.75  960 992 1088 1216  540 543 548 562 -hsync +vsync (33.5 kHz d)
[  1453.513] (II) modeset(G0): Modeline "960x540"x59.8   37.25  960 1008 1040 1120  540 543 548 556 +hsync -vsync (33.3 kHz d)
[  1453.513] (II) modeset(G0): Modeline "800x600"x120.0   81.00  800 832 928 1080  600 600 602 625 doublescan +hsync +vsync (75.0 kHz d)
[  1453.513] (II) modeset(G0): Modeline "800x600"x60.3   40.00  800 840 968 1056  600 601 605 628 +hsync +vsync (37.9 kHz e)
[  1453.513] (II) modeset(G0): Modeline "800x600"x56.2   36.00  800 824 896 1024  600 601 603 625 +hsync +vsync (35.2 kHz e)
[  1453.513] (II) modeset(G0): Modeline "840x525"x120.0   73.12  840 892 980 1120  525 526 529 544 doublescan -hsync +vsync (65.3 kHz d)
[  1453.513] (II) modeset(G0): Modeline "840x525"x119.8   59.50  840 864 880 920  525 526 529 540 doublescan +hsync -vsync (64.7 kHz d)
[  1453.513] (II) modeset(G0): Modeline "864x486"x59.9   32.50  864 888 968 1072  486 489 494 506 -hsync +vsync (30.3 kHz d)
[  1453.513] (II) modeset(G0): Modeline "864x486"x59.6   30.50  864 912 944 1024  486 489 494 500 +hsync -vsync (29.8 kHz d)
[  1453.513] (II) modeset(G0): Modeline "848x480"x60.0   33.75  848 864 976 1088  480 486 494 517 +hsync +vsync (31.0 kHz e)
[  1453.513] (II) modeset(G0): Modeline "700x525"x120.0   61.00  700 744 820 940  525 526 532 541 doublescan +hsync +vsync (64.9 kHz d)
[  1453.513] (II) modeset(G0): Modeline "800x450"x119.9   59.12  800 848 928 1056  450 451 454 467 doublescan -hsync +vsync (56.0 kHz d)
[  1453.513] (II) modeset(G0): Modeline "800x450"x119.6   48.75  800 824 840 880  450 451 454 463 doublescan +hsync -vsync (55.4 kHz d)
[  1453.513] (II) modeset(G0): Modeline "640x512"x120.0   54.00  640 664 720 844  512 512 514 533 doublescan +hsync +vsync (64.0 kHz d)
[  1453.513] (II) modeset(G0): Modeline "700x450"x119.9   51.75  700 740 812 924  450 451 456 467 doublescan -hsync +vsync (56.0 kHz d)
[  1453.513] (II) modeset(G0): Modeline "700x450"x119.8   43.25  700 724 740 780  450 451 456 463 doublescan +hsync -vsync (55.4 kHz d)
[  1453.513] (II) modeset(G0): Modeline "640x480"x120.0   54.00  640 688 744 900  480 480 482 500 doublescan +hsync +vsync (60.0 kHz d)
[  1453.513] (II) modeset(G0): Modeline "640x480"x59.9   25.18  640 656 752 800  480 490 492 525 -hsync -vsync (31.5 kHz e)
[  1453.513] (II) modeset(G0): Modeline "720x405"x59.5   22.50  720 744 808 896  405 408 413 422 -hsync +vsync (25.1 kHz d)
[  1453.513] (II) modeset(G0): Modeline "720x405"x59.0   21.75  720 768 800 880  405 408 413 419 +hsync -vsync (24.7 kHz d)
[  1453.513] (II) modeset(G0): Modeline "684x384"x119.8   42.62  684 720 788 892  384 385 390 399 doublescan -hsync +vsync (47.8 kHz d)
[  1453.513] (II) modeset(G0): Modeline "684x384"x119.7   36.12  684 708 724 764  384 385 390 395 doublescan +hsync -vsync (47.3 kHz d)
[  1453.513] (II) modeset(G0): Modeline "640x400"x119.8   41.75  640 676 740 840  400 401 404 415 doublescan -hsync +vsync (49.7 kHz d)
[  1453.513] (II) modeset(G0): Modeline "640x400"x120.0   35.50  640 664 680 720  400 401 404 411 doublescan +hsync -vsync (49.3 kHz d)
[  1453.513] (II) modeset(G0): Modeline "640x360"x119.7   37.25  640 672 736 832  360 361 364 374 doublescan -hsync +vsync (44.8 kHz d)
[  1453.513] (II) modeset(G0): Modeline "640x360"x119.7   31.88  640 664 680 720  360 361 364 370 doublescan +hsync -vsync (44.3 kHz d)
[  1453.513] (II) modeset(G0): Modeline "640x360"x59.8   18.00  640 664 720 800  360 363 368 376 -hsync +vsync (22.5 kHz d)
[  1453.513] (II) modeset(G0): Modeline "640x360"x59.3   17.75  640 688 720 800  360 363 368 374 +hsync -vsync (22.2 kHz d)
[  1453.513] (II) modeset(G0): Modeline "512x384"x120.0   32.50  512 524 592 672  384 385 388 403 doublescan -hsync -vsync (48.4 kHz d)
[  1453.513] (II) modeset(G0): Modeline "512x288"x120.0   23.25  512 532 580 648  288 289 292 299 doublescan -hsync +vsync (35.9 kHz d)
[  1453.513] (II) modeset(G0): Modeline "512x288"x119.8   21.00  512 536 552 592  288 289 292 296 doublescan +hsync -vsync (35.5 kHz d)
[  1453.513] (II) modeset(G0): Modeline "480x270"x119.3   20.38  480 496 544 608  270 271 274 281 doublescan -hsync +vsync (33.5 kHz d)
[  1453.513] (II) modeset(G0): Modeline "480x270"x119.6   18.62  480 504 520 560  270 271 274 278 doublescan +hsync -vsync (33.3 kHz d)
[  1453.513] (II) modeset(G0): Modeline "400x300"x120.6   20.00  400 420 484 528  300 300 302 314 doublescan +hsync +vsync (37.9 kHz d)
[  1453.513] (II) modeset(G0): Modeline "400x300"x112.7   18.00  400 412 448 512  300 300 301 312 doublescan +hsync +vsync (35.2 kHz d)
[  1453.513] (II) modeset(G0): Modeline "432x243"x119.8   16.25  432 444 484 536  243 244 247 253 doublescan -hsync +vsync (30.3 kHz d)
[  1453.513] (II) modeset(G0): Modeline "432x243"x119.1   15.25  432 456 472 512  243 244 247 250 doublescan +hsync -vsync (29.8 kHz d)
[  1453.513] (II) modeset(G0): Modeline "320x240"x120.1   12.59  320 328 376 400  240 245 246 262 doublescan -hsync -vsync (31.5 kHz d)
[  1453.513] (II) modeset(G0): Modeline "360x202"x119.0   11.25  360 372 404 448  202 204 206 211 doublescan -hsync +vsync (25.1 kHz d)
[  1453.513] (II) modeset(G0): Modeline "360x202"x118.3   10.88  360 384 400 440  202 204 206 209 doublescan +hsync -vsync (24.7 kHz d)
[  1453.513] (II) modeset(G0): Modeline "320x180"x119.7    9.00  320 332 360 400  180 181 184 188 doublescan -hsync +vsync (22.5 kHz d)
[  1453.513] (II) modeset(G0): Modeline "320x180"x118.6    8.88  320 344 360 400  180 181 184 187 doublescan +hsync -vsync (22.2 kHz d)
[  1453.513] (==) modeset(G0): Using gamma correction (1.0, 1.0, 1.0)
[  1453.513] (==) modeset(G0): DPI set to (96, 96)
[  1453.513] (II) Loading sub module "fb"
[  1453.513] (II) LoadModule: "fb"
[  1453.513] (II) Loading /usr/lib/xorg/modules/libfb.so
[  1453.513] (II) Module fb: vendor="X.Org Foundation"
[  1453.513] 	compiled for 1.20.8, module version = 1.0.0
[  1453.513] 	ABI class: X.Org ANSI C Emulation, version 0.4
[  1453.519] (==) modeset(0): Backing store enabled
[  1453.519] (==) modeset(0): Silken mouse disabled
[  1453.548] (II) modeset(0): Initializing kms color map for depth 24, 8 bpc.
[  1453.548] (==) modeset(0): DPMS enabled
[  1453.548] (II) modeset(0): [DRI2] Setup complete
[  1453.548] (II) modeset(0): [DRI2]   DRI driver: i965
[  1453.548] (II) modeset(0): [DRI2]   VDPAU driver: va_gl
[  1453.572] (==) modeset(G0): Backing store enabled
[  1453.572] (==) modeset(G0): Silken mouse disabled
[  1453.572] (II) modeset(G0): Initializing kms color map for depth 24, 8 bpc.
[  1453.572] (==) modeset(G0): DPMS enabled
[  1453.572] (II) modeset(G0): [DRI2] Setup complete
[  1453.572] (II) modeset(G0): [DRI2]   DRI driver: nouveau
[  1453.572] (II) modeset(G0): [DRI2]   VDPAU driver: nouveau
[  1453.572] (II) Initializing extension Generic Event Extension
[  1453.572] (II) Initializing extension SHAPE
[  1453.572] (II) Initializing extension MIT-SHM
[  1453.572] (II) Initializing extension XInputExtension
[  1453.572] (II) Initializing extension XTEST
[  1453.572] (II) Initializing extension BIG-REQUESTS
[  1453.572] (II) Initializing extension SYNC
[  1453.572] (II) Initializing extension XKEYBOARD
[  1453.572] (II) Initializing extension XC-MISC
[  1453.572] (II) Initializing extension SECURITY
[  1453.572] (II) Initializing extension XFIXES
[  1453.572] (II) Initializing extension RENDER
[  1453.572] (II) Initializing extension RANDR
[  1453.572] (II) Initializing extension COMPOSITE
[  1453.572] (II) Initializing extension DAMAGE
[  1453.572] (II) Initializing extension MIT-SCREEN-SAVER
[  1453.572] (II) Initializing extension DOUBLE-BUFFER
[  1453.572] (II) Initializing extension RECORD
[  1453.572] (II) Initializing extension DPMS
[  1453.572] (II) Initializing extension Present
[  1453.572] (II) Initializing extension DRI3
[  1453.572] (II) Initializing extension X-Resource
[  1453.572] (II) Initializing extension XVideo
[  1453.572] (II) Initializing extension XVideo-MotionCompensation
[  1453.572] (II) Initializing extension GLX
[  1453.581] (II) AIGLX: Loaded and initialized i965
[  1453.581] (II) GLX: Initialized DRI2 GL provider for screen 0
[  1453.581] (II) Initializing extension XFree86-VidModeExtension
[  1453.581] (II) Initializing extension XFree86-DGA
[  1453.581] (II) Initializing extension XFree86-DRI
[  1453.581] (II) Initializing extension DRI2
[  1453.583] (II) modeset(G0): Damage tracking initialized
[  1453.584] (II) modeset(0): Damage tracking initialized
[  1453.584] (II) modeset(0): Setting screen physical size to 361 x 203
[  1453.619] (II) config/udev: Adding input device Power Button (/dev/input/event2)
[  1453.619] (**) Power Button: Applying InputClass "libinput keyboard catchall"
[  1453.619] (II) LoadModule: "libinput"
[  1453.620] (II) Loading /usr/lib/xorg/modules/input/libinput_drv.so
[  1453.621] (II) Module libinput: vendor="X.Org Foundation"
[  1453.621] 	compiled for 1.20.7, module version = 0.29.0
[  1453.621] 	Module class: X.Org XInput Driver
[  1453.621] 	ABI class: X.Org XInput driver, version 24.1
[  1453.621] (II) Using input driver 'libinput' for 'Power Button'
[  1453.622] (II) systemd-logind: got fd for /dev/input/event2 13:66 fd 19 paused 0
[  1453.622] (**) Power Button: always reports core events
[  1453.622] (**) Option "Device" "/dev/input/event2"
[  1453.622] (**) Option "_source" "server/udev"
[  1453.625] (II) event2  - Power Button: is tagged by udev as: Keyboard
[  1453.625] (II) event2  - Power Button: device is a keyboard
[  1453.626] (II) event2  - Power Button: device removed
[  1453.626] (**) Option "config_info" "udev:/sys/devices/LNXSYSTM:00/LNXPWRBN:00/input/input2/event2"
[  1453.626] (II) XINPUT: Adding extended input device "Power Button" (type: KEYBOARD, id 6)
[  1453.627] (II) event2  - Power Button: is tagged by udev as: Keyboard
[  1453.628] (II) event2  - Power Button: device is a keyboard
[  1453.629] (II) config/udev: Adding input device Video Bus (/dev/input/event10)
[  1453.629] (**) Video Bus: Applying InputClass "libinput keyboard catchall"
[  1453.629] (II) Using input driver 'libinput' for 'Video Bus'
[  1453.630] (II) systemd-logind: got fd for /dev/input/event10 13:74 fd 22 paused 0
[  1453.630] (**) Video Bus: always reports core events
[  1453.630] (**) Option "Device" "/dev/input/event10"
[  1453.630] (**) Option "_source" "server/udev"
[  1453.631] (II) event10 - Video Bus: is tagged by udev as: Keyboard
[  1453.631] (II) event10 - Video Bus: device is a keyboard
[  1453.631] (II) event10 - Video Bus: device removed
[  1453.631] (**) Option "config_info" "udev:/sys/devices/LNXSYSTM:00/LNXSYBUS:00/PNP0A08:00/LNXVIDEO:01/input/input15/event10"
[  1453.631] (II) XINPUT: Adding extended input device "Video Bus" (type: KEYBOARD, id 7)
[  1453.633] (II) event10 - Video Bus: is tagged by udev as: Keyboard
[  1453.633] (II) event10 - Video Bus: device is a keyboard
[  1453.633] (II) config/udev: Adding input device Video Bus (/dev/input/event9)
[  1453.633] (**) Video Bus: Applying InputClass "libinput keyboard catchall"
[  1453.633] (II) Using input driver 'libinput' for 'Video Bus'
[  1453.634] (II) systemd-logind: got fd for /dev/input/event9 13:73 fd 23 paused 0
[  1453.634] (**) Video Bus: always reports core events
[  1453.634] (**) Option "Device" "/dev/input/event9"
[  1453.634] (**) Option "_source" "server/udev"
[  1453.636] (II) event9  - Video Bus: is tagged by udev as: Keyboard
[  1453.636] (II) event9  - Video Bus: device is a keyboard
[  1453.636] (II) event9  - Video Bus: device removed
[  1453.636] (**) Option "config_info" "udev:/sys/devices/LNXSYSTM:00/LNXSYBUS:00/PNP0A08:00/device:2b/LNXVIDEO:00/input/input14/event9"
[  1453.636] (II) XINPUT: Adding extended input device "Video Bus" (type: KEYBOARD, id 8)
[  1453.637] (II) event9  - Video Bus: is tagged by udev as: Keyboard
[  1453.637] (II) event9  - Video Bus: device is a keyboard
[  1453.638] (II) config/udev: Adding input device Power Button (/dev/input/event1)
[  1453.638] (**) Power Button: Applying InputClass "libinput keyboard catchall"
[  1453.638] (II) Using input driver 'libinput' for 'Power Button'
[  1453.639] (II) systemd-logind: got fd for /dev/input/event1 13:65 fd 24 paused 0
[  1453.639] (**) Power Button: always reports core events
[  1453.639] (**) Option "Device" "/dev/input/event1"
[  1453.639] (**) Option "_source" "server/udev"
[  1453.640] (II) event1  - Power Button: is tagged by udev as: Keyboard
[  1453.641] (II) event1  - Power Button: device is a keyboard
[  1453.641] (II) event1  - Power Button: device removed
[  1453.641] (**) Option "config_info" "udev:/sys/devices/LNXSYSTM:00/LNXSYBUS:00/PNP0C0C:00/input/input1/event1"
[  1453.641] (II) XINPUT: Adding extended input device "Power Button" (type: KEYBOARD, id 9)
[  1453.642] (II) event1  - Power Button: is tagged by udev as: Keyboard
[  1453.643] (II) event1  - Power Button: device is a keyboard
[  1453.644] (II) config/udev: Adding input device Lid Switch (/dev/input/event0)
[  1453.644] (II) No input driver specified, ignoring this device.
[  1453.644] (II) This device may have been added with another device file.
[  1453.646] (II) config/udev: Adding input device WebCam SC-0311139N (/dev/input/event5)
[  1453.646] (**) WebCam SC-0311139N: Applying InputClass "libinput keyboard catchall"
[  1453.646] (II) Using input driver 'libinput' for 'WebCam SC-0311139N'
[  1453.647] (II) systemd-logind: got fd for /dev/input/event5 13:69 fd 25 paused 0
[  1453.647] (**) WebCam SC-0311139N: always reports core events
[  1453.647] (**) Option "Device" "/dev/input/event5"
[  1453.647] (**) Option "_source" "server/udev"
[  1453.650] (II) event5  - WebCam SC-0311139N: is tagged by udev as: Keyboard
[  1453.650] (II) event5  - WebCam SC-0311139N: device is a keyboard
[  1453.651] (II) event5  - WebCam SC-0311139N: device removed
[  1453.651] (**) Option "config_info" "udev:/sys/devices/pci0000:00/0000:00:1a.0/usb1/1-1/1-1.4/1-1.4:1.0/input/input13/event5"
[  1453.651] (II) XINPUT: Adding extended input device "WebCam SC-0311139N" (type: KEYBOARD, id 10)
[  1453.653] (II) event5  - WebCam SC-0311139N: is tagged by udev as: Keyboard
[  1453.653] (II) event5  - WebCam SC-0311139N: device is a keyboard
[  1453.654] (II) config/udev: Adding input device HDA Intel PCH Mic (/dev/input/event8)
[  1453.654] (II) No input driver specified, ignoring this device.
[  1453.654] (II) This device may have been added with another device file.
[  1453.654] (II) config/udev: Adding input device HDA Intel PCH Headphone (/dev/input/event11)
[  1453.654] (II) No input driver specified, ignoring this device.
[  1453.654] (II) This device may have been added with another device file.
[  1453.654] (II) config/udev: Adding input device HDA Intel PCH HDMI/DP,pcm=3 (/dev/input/event12)
[  1453.654] (II) No input driver specified, ignoring this device.
[  1453.654] (II) This device may have been added with another device file.
[  1453.655] (II) config/udev: Adding input device Logitech Wireless Mouse (/dev/input/event6)
[  1453.655] (**) Logitech Wireless Mouse: Applying InputClass "libinput pointer catchall"
[  1453.655] (II) Using input driver 'libinput' for 'Logitech Wireless Mouse'
[  1453.656] (II) systemd-logind: got fd for /dev/input/event6 13:70 fd 26 paused 0
[  1453.656] (**) Logitech Wireless Mouse: always reports core events
[  1453.656] (**) Option "Device" "/dev/input/event6"
[  1453.656] (**) Option "_source" "server/udev"
[  1453.658] (II) event6  - Logitech Wireless Mouse: is tagged by udev as: Mouse
[  1453.658] (II) event6  - Logitech Wireless Mouse: device is a pointer
[  1453.658] (II) event6  - Logitech Wireless Mouse: device removed
[  1453.659] (**) Option "config_info" "udev:/sys/devices/pci0000:00/0000:00:1d.0/usb2/2-1/2-1.5/2-1.5:1.1/0003:046D:C534.0002/0003:046D:4054.0003/input/input20/event6"
[  1453.659] (II) XINPUT: Adding extended input device "Logitech Wireless Mouse" (type: MOUSE, id 11)
[  1453.659] (**) Option "AccelerationScheme" "none"
[  1453.659] (**) Logitech Wireless Mouse: (accel) selected scheme none/0
[  1453.659] (**) Logitech Wireless Mouse: (accel) acceleration factor: 2.000
[  1453.659] (**) Logitech Wireless Mouse: (accel) acceleration threshold: 4
[  1453.660] (II) event6  - Logitech Wireless Mouse: is tagged by udev as: Mouse
[  1453.661] (II) event6  - Logitech Wireless Mouse: device is a pointer
[  1453.662] (II) config/udev: Adding input device Logitech Wireless Mouse (/dev/input/mouse0)
[  1453.662] (II) No input driver specified, ignoring this device.
[  1453.662] (II) This device may have been added with another device file.
[  1453.662] (II) config/udev: Adding input device AT Translated Set 2 keyboard (/dev/input/event3)
[  1453.662] (**) AT Translated Set 2 keyboard: Applying InputClass "libinput keyboard catchall"
[  1453.662] (II) Using input driver 'libinput' for 'AT Translated Set 2 keyboard'
[  1453.663] (II) systemd-logind: got fd for /dev/input/event3 13:67 fd 27 paused 0
[  1453.663] (**) AT Translated Set 2 keyboard: always reports core events
[  1453.663] (**) Option "Device" "/dev/input/event3"
[  1453.663] (**) Option "_source" "server/udev"
[  1453.665] (II) event3  - AT Translated Set 2 keyboard: is tagged by udev as: Keyboard
[  1453.665] (II) event3  - AT Translated Set 2 keyboard: device is a keyboard
[  1453.667] (II) event3  - AT Translated Set 2 keyboard: device removed
[  1453.667] (**) Option "config_info" "udev:/sys/devices/platform/i8042/serio0/input/input3/event3"
[  1453.667] (II) XINPUT: Adding extended input device "AT Translated Set 2 keyboard" (type: KEYBOARD, id 12)
[  1453.669] (II) event3  - AT Translated Set 2 keyboard: is tagged by udev as: Keyboard
[  1453.669] (II) event3  - AT Translated Set 2 keyboard: device is a keyboard
[  1453.672] (II) config/udev: Adding input device ETPS/2 Elantech Touchpad (/dev/input/event7)
[  1453.672] (**) ETPS/2 Elantech Touchpad: Applying InputClass "libinput touchpad catchall"
[  1453.672] (II) Using input driver 'libinput' for 'ETPS/2 Elantech Touchpad'
[  1453.673] (II) systemd-logind: got fd for /dev/input/event7 13:71 fd 28 paused 0
[  1453.673] (**) ETPS/2 Elantech Touchpad: always reports core events
[  1453.673] (**) Option "Device" "/dev/input/event7"
[  1453.673] (**) Option "_source" "server/udev"
[  1453.675] (II) event7  - ETPS/2 Elantech Touchpad: is tagged by udev as: Touchpad
[  1453.676] (II) event7  - ETPS/2 Elantech Touchpad: device is a touchpad
[  1453.677] (II) event7  - ETPS/2 Elantech Touchpad: device removed
[  1453.677] (**) Option "config_info" "udev:/sys/devices/platform/i8042/serio1/input/input6/event7"
[  1453.677] (II) XINPUT: Adding extended input device "ETPS/2 Elantech Touchpad" (type: TOUCHPAD, id 13)
[  1453.677] (**) Option "AccelerationScheme" "none"
[  1453.677] (**) ETPS/2 Elantech Touchpad: (accel) selected scheme none/0
[  1453.677] (**) ETPS/2 Elantech Touchpad: (accel) acceleration factor: 2.000
[  1453.677] (**) ETPS/2 Elantech Touchpad: (accel) acceleration threshold: 4
[  1453.678] (II) event7  - ETPS/2 Elantech Touchpad: is tagged by udev as: Touchpad
[  1453.679] (II) event7  - ETPS/2 Elantech Touchpad: device is a touchpad
[  1453.680] (II) config/udev: Adding input device ETPS/2 Elantech Touchpad (/dev/input/mouse1)
[  1453.680] (II) No input driver specified, ignoring this device.
[  1453.680] (II) This device may have been added with another device file.
[  1453.680] (II) config/udev: Adding input device PC Speaker (/dev/input/event4)
[  1453.680] (II) No input driver specified, ignoring this device.
[  1453.680] (II) This device may have been added with another device file.
[  1453.772] (II) modeset(0): EDID vendor "SEC", prod id 13897
[  1453.772] (II) modeset(0): Printing DDC gathered Modelines:
[  1453.772] (II) modeset(0): Modeline "1366x768"x0.0   70.70  1366 1414 1446 1486  768 770 775 792 -hsync -vsync (47.6 kHz eP)
[  1453.775] (II) modeset(0): EDID vendor "SEC", prod id 13897
[  1453.775] (II) modeset(0): Printing DDC gathered Modelines:
[  1453.775] (II) modeset(0): Modeline "1366x768"x0.0   70.70  1366 1414 1446 1486  768 770 775 792 -hsync -vsync (47.6 kHz eP)
[  1453.899] (II) modeset(0): EDID vendor "SEC", prod id 13897
[  1453.899] (II) modeset(0): Printing DDC gathered Modelines:
[  1453.899] (II) modeset(0): Modeline "1366x768"x0.0   70.70  1366 1414 1446 1486  768 770 775 792 -hsync -vsync (47.6 kHz eP)
[  1453.901] (II) modeset(0): EDID vendor "SEC", prod id 13897
[  1453.902] (II) modeset(0): Printing DDC gathered Modelines:
[  1453.902] (II) modeset(0): Modeline "1366x768"x0.0   70.70  1366 1414 1446 1486  768 770 775 792 -hsync -vsync (47.6 kHz eP)
[  3021.328] (II) Axis 0x1 value -504 is outside expected range [-27, 585]
See https://wayland.freedesktop.org/libinput/doc/1.15.4/absolute_coordinate_ranges.html for details
