[  9666.748] (WW) Failed to open protocol names file lib/xorg/protocol.txt
[  9666.748] 
X.Org X Server 1.20.8
X Protocol Version 11, Revision 0
[  9666.748] Build Operating System: Linux Arch Linux
[  9666.748] Current Operating System: Linux Arch 5.6.3-arch1-1 #1 SMP PREEMPT Wed, 08 Apr 2020 07:47:16 +0000 x86_64
[  9666.749] Kernel command line: BOOT_IMAGE=/boot/vmlinuz-linux root=UUID=6071250b-def5-4d20-a92f-f326743b2107 rw loglevel=3 quiet
[  9666.749] Build Date: 30 March 2020  05:05:45AM
[  9666.749]  
[  9666.749] Current version of pixman: 0.38.4
[  9666.749] 	Before reporting problems, check http://wiki.x.org
	to make sure that you have the latest version.
[  9666.749] Markers: (--) probed, (**) from config file, (==) default setting,
	(++) from command line, (!!) notice, (II) informational,
	(WW) warning, (EE) error, (NI) not implemented, (??) unknown.
[  9666.749] (==) Log file: "/home/trudy/.local/share/xorg/Xorg.2.log", Time: Fri Apr 10 17:13:14 2020
[  9666.749] (==) Using system config directory "/usr/share/X11/xorg.conf.d"
[  9666.749] (==) No Layout section.  Using the first Screen section.
[  9666.749] (==) No screen section available. Using defaults.
[  9666.749] (**) |-->Screen "Default Screen Section" (0)
[  9666.749] (**) |   |-->Monitor "<default monitor>"
[  9666.750] (==) No monitor specified for screen "Default Screen Section".
	Using a default monitor configuration.
[  9666.750] (==) Automatically adding devices
[  9666.750] (==) Automatically enabling devices
[  9666.750] (==) Automatically adding GPU devices
[  9666.750] (==) Automatically binding GPU devices
[  9666.750] (==) Max clients allowed: 256, resource mask: 0x1fffff
[  9666.750] (WW) The directory "/usr/share/fonts/TTF" does not exist.
[  9666.750] 	Entry deleted from font path.
[  9666.750] (WW) The directory "/usr/share/fonts/OTF" does not exist.
[  9666.750] 	Entry deleted from font path.
[  9666.750] (WW) The directory "/usr/share/fonts/Type1" does not exist.
[  9666.750] 	Entry deleted from font path.
[  9666.750] (WW) The directory "/usr/share/fonts/100dpi" does not exist.
[  9666.750] 	Entry deleted from font path.
[  9666.750] (WW) The directory "/usr/share/fonts/75dpi" does not exist.
[  9666.750] 	Entry deleted from font path.
[  9666.750] (==) FontPath set to:
	/usr/share/fonts/misc
[  9666.750] (==) ModulePath set to "/usr/lib/xorg/modules"
[  9666.750] (II) The server relies on udev to provide the list of input devices.
	If no devices become available, reconfigure udev or disable AutoAddDevices.
[  9666.750] (II) Module ABI versions:
[  9666.750] 	X.Org ANSI C Emulation: 0.4
[  9666.750] 	X.Org Video Driver: 24.1
[  9666.750] 	X.Org XInput driver : 24.1
[  9666.750] 	X.Org Server Extension : 10.0
[  9666.752] (++) using VT number 3

[  9666.756] (II) systemd-logind: took control of session /org/freedesktop/login1/session/_35
[  9666.757] (II) xfree86: Adding drm device (/dev/dri/card1)
[  9666.758] (II) systemd-logind: got fd for /dev/dri/card1 226:1 fd 10 paused 0
[  9666.759] (II) xfree86: Adding drm device (/dev/dri/card0)
[  9666.760] (II) systemd-logind: got fd for /dev/dri/card0 226:0 fd 11 paused 0
[  9666.764] (--) PCI:*(0@0:2:0) 8086:0116:144d:c0b6 rev 9, Mem @ 0xe1000000/4194304, 0xd0000000/268435456, I/O @ 0x00004000/64, BIOS @ 0x????????/131072
[  9666.764] (--) PCI: (1@0:0:0) 10de:1051:144d:c0b6 rev 161, Mem @ 0xe0000000/16777216, 0xb0000000/268435456, 0xc0000000/33554432, I/O @ 0x00003000/128
[  9666.764] (WW) Open ACPI failed (/var/run/acpid.socket) (No such file or directory)
[  9666.764] (II) LoadModule: "glx"
[  9666.764] (II) Loading /usr/lib/xorg/modules/extensions/libglx.so
[  9666.767] (II) Module glx: vendor="X.Org Foundation"
[  9666.767] 	compiled for 1.20.8, module version = 1.0.0
[  9666.767] 	ABI class: X.Org Server Extension, version 10.0
[  9666.767] (==) Matched intel as autoconfigured driver 0
[  9666.767] (==) Matched nouveau as autoconfigured driver 1
[  9666.767] (==) Matched nv as autoconfigured driver 2
[  9666.767] (==) Matched modesetting as autoconfigured driver 3
[  9666.767] (==) Matched fbdev as autoconfigured driver 4
[  9666.767] (==) Matched vesa as autoconfigured driver 5
[  9666.767] (==) Assigned the driver to the xf86ConfigLayout
[  9666.767] (II) LoadModule: "intel"
[  9666.767] (WW) Warning, couldn't open module intel
[  9666.767] (EE) Failed to load module "intel" (module does not exist, 0)
[  9666.767] (II) LoadModule: "nouveau"
[  9666.768] (WW) Warning, couldn't open module nouveau
[  9666.768] (EE) Failed to load module "nouveau" (module does not exist, 0)
[  9666.768] (II) LoadModule: "nv"
[  9666.768] (WW) Warning, couldn't open module nv
[  9666.768] (EE) Failed to load module "nv" (module does not exist, 0)
[  9666.768] (II) LoadModule: "modesetting"
[  9666.768] (II) Loading /usr/lib/xorg/modules/drivers/modesetting_drv.so
[  9666.769] (II) Module modesetting: vendor="X.Org Foundation"
[  9666.769] 	compiled for 1.20.8, module version = 1.20.8
[  9666.769] 	Module class: X.Org Video Driver
[  9666.769] 	ABI class: X.Org Video Driver, version 24.1
[  9666.769] (II) LoadModule: "fbdev"
[  9666.769] (WW) Warning, couldn't open module fbdev
[  9666.769] (EE) Failed to load module "fbdev" (module does not exist, 0)
[  9666.769] (II) LoadModule: "vesa"
[  9666.769] (WW) Warning, couldn't open module vesa
[  9666.769] (EE) Failed to load module "vesa" (module does not exist, 0)
[  9666.769] (II) modesetting: Driver for Modesetting Kernel Drivers: kms
[  9666.770] (II) modeset(0): using drv /dev/dri/card0
[  9666.770] (II) modeset(G0): using drv /dev/dri/card1
[  9666.770] (WW) VGA arbiter: cannot open kernel arbiter, no multi-card support
[  9666.770] (II) modeset(0): Creating default Display subsection in Screen section
	"Default Screen Section" for depth/fbbpp 24/32
[  9666.770] (==) modeset(0): Depth 24, (==) framebuffer bpp 32
[  9666.770] (==) modeset(0): RGB weight 888
[  9666.770] (==) modeset(0): Default visual is TrueColor
[  9666.770] (II) Loading sub module "glamoregl"
[  9666.770] (II) LoadModule: "glamoregl"
[  9666.770] (II) Loading /usr/lib/xorg/modules/libglamoregl.so
[  9666.775] (II) Module glamoregl: vendor="X.Org Foundation"
[  9666.775] 	compiled for 1.20.8, module version = 1.0.1
[  9666.775] 	ABI class: X.Org ANSI C Emulation, version 0.4
[  9666.795] (II) modeset(0): glamor X acceleration enabled on Mesa DRI Intel(R) HD Graphics 3000 (SNB GT2)
[  9666.795] (II) modeset(0): glamor initialized
[  9666.795] (II) modeset(0): Output LVDS-1 has no monitor section
[  9666.796] (II) modeset(0): Output VGA-1 has no monitor section
[  9666.798] (II) modeset(0): Output HDMI-1 has no monitor section
[  9666.798] (II) modeset(0): Output DP-1 has no monitor section
[  9666.798] (II) modeset(0): EDID for output LVDS-1
[  9666.798] (II) modeset(0): Manufacturer: SEC  Model: 3649  Serial#: 0
[  9666.798] (II) modeset(0): Year: 2011  Week: 0
[  9666.798] (II) modeset(0): EDID Version: 1.3
[  9666.798] (II) modeset(0): Digital Display Input
[  9666.798] (II) modeset(0): Max Image Size [cm]: horiz.: 31  vert.: 17
[  9666.798] (II) modeset(0): Gamma: 2.20
[  9666.798] (II) modeset(0): No DPMS capabilities specified
[  9666.798] (II) modeset(0): Supported color encodings: RGB 4:4:4 YCrCb 4:4:4 
[  9666.798] (II) modeset(0): First detailed timing is preferred mode
[  9666.798] (II) modeset(0): redX: 0.565 redY: 0.350   greenX: 0.340 greenY: 0.565
[  9666.798] (II) modeset(0): blueX: 0.155 blueY: 0.120   whiteX: 0.313 whiteY: 0.329
[  9666.798] (II) modeset(0): Manufacturer's mask: 0
[  9666.798] (II) modeset(0): Supported detailed timing:
[  9666.798] (II) modeset(0): clock: 70.7 MHz   Image Size:  309 x 174 mm
[  9666.798] (II) modeset(0): h_active: 1366  h_sync: 1414  h_sync_end 1446 h_blank_end 1486 h_border: 0
[  9666.798] (II) modeset(0): v_active: 768  v_sync: 770  v_sync_end 775 v_blanking: 792 v_border: 0
[  9666.798] (II) modeset(0): Unknown vendor-specific block f
[  9666.798] (II) modeset(0):  SAMSUNG
[  9666.798] (II) modeset(0):  LTN140AT210
[  9666.798] (II) modeset(0): EDID (in hex):
[  9666.798] (II) modeset(0): 	00ffffffffffff004ca3493600000000
[  9666.798] (II) modeset(0): 	00150103801f11780ae3f59059579027
[  9666.798] (II) modeset(0): 	1e505400000001010101010101010101
[  9666.798] (II) modeset(0): 	0101010101019e1b5678500018303020
[  9666.798] (II) modeset(0): 	250035ae100000190000000f00000000
[  9666.798] (II) modeset(0): 	00000000001eb4027400000000fe0053
[  9666.798] (II) modeset(0): 	414d53554e470a2020202020000000fe
[  9666.798] (II) modeset(0): 	004c544e31343041543231300a20001c
[  9666.799] (II) modeset(0): Printing probed modes for output LVDS-1
[  9666.799] (II) modeset(0): Modeline "1366x768"x60.1   70.70  1366 1414 1446 1486  768 770 775 792 -hsync -vsync (47.6 kHz eP)
[  9666.799] (II) modeset(0): Modeline "1280x720"x120.0  156.12  1280 1376 1512 1744  720 721 724 746 doublescan -hsync +vsync (89.5 kHz d)
[  9666.799] (II) modeset(0): Modeline "1280x720"x120.0  120.75  1280 1304 1320 1360  720 721 724 740 doublescan +hsync -vsync (88.8 kHz d)
[  9666.799] (II) modeset(0): Modeline "1280x720"x59.9   74.50  1280 1344 1472 1664  720 723 728 748 -hsync +vsync (44.8 kHz d)
[  9666.799] (II) modeset(0): Modeline "1280x720"x59.7   63.75  1280 1328 1360 1440  720 723 728 741 +hsync -vsync (44.3 kHz d)
[  9666.799] (II) modeset(0): Modeline "1024x768"x120.1  133.47  1024 1100 1212 1400  768 768 770 794 doublescan -hsync +vsync (95.3 kHz d)
[  9666.799] (II) modeset(0): Modeline "1024x768"x60.0   65.00  1024 1048 1184 1344  768 771 777 806 -hsync -vsync (48.4 kHz d)
[  9666.799] (II) modeset(0): Modeline "960x720"x120.0  117.00  960 1024 1128 1300  720 720 722 750 doublescan -hsync +vsync (90.0 kHz d)
[  9666.799] (II) modeset(0): Modeline "928x696"x120.1  109.15  928 976 1088 1264  696 696 698 719 doublescan -hsync +vsync (86.4 kHz d)
[  9666.799] (II) modeset(0): Modeline "896x672"x120.0  102.40  896 960 1060 1224  672 672 674 697 doublescan -hsync +vsync (83.7 kHz d)
[  9666.799] (II) modeset(0): Modeline "1024x576"x119.9   98.50  1024 1092 1200 1376  576 577 580 597 doublescan -hsync +vsync (71.6 kHz d)
[  9666.799] (II) modeset(0): Modeline "1024x576"x119.9   78.38  1024 1048 1064 1104  576 577 580 592 doublescan +hsync -vsync (71.0 kHz d)
[  9666.799] (II) modeset(0): Modeline "1024x576"x59.9   46.50  1024 1064 1160 1296  576 579 584 599 -hsync +vsync (35.9 kHz d)
[  9666.799] (II) modeset(0): Modeline "1024x576"x59.8   42.00  1024 1072 1104 1184  576 579 584 593 +hsync -vsync (35.5 kHz d)
[  9666.799] (II) modeset(0): Modeline "960x600"x119.9   96.62  960 1028 1128 1296  600 601 604 622 doublescan -hsync +vsync (74.6 kHz d)
[  9666.799] (II) modeset(0): Modeline "960x600"x120.0   77.00  960 984 1000 1040  600 601 604 617 doublescan +hsync -vsync (74.0 kHz d)
[  9666.799] (II) modeset(0): Modeline "960x540"x119.9   86.50  960 1024 1124 1288  540 541 544 560 doublescan -hsync +vsync (67.2 kHz d)
[  9666.799] (II) modeset(0): Modeline "960x540"x120.0   69.25  960 984 1000 1040  540 541 544 555 doublescan +hsync -vsync (66.6 kHz d)
[  9666.799] (II) modeset(0): Modeline "960x540"x59.6   40.75  960 992 1088 1216  540 543 548 562 -hsync +vsync (33.5 kHz d)
[  9666.799] (II) modeset(0): Modeline "960x540"x59.8   37.25  960 1008 1040 1120  540 543 548 556 +hsync -vsync (33.3 kHz d)
[  9666.799] (II) modeset(0): Modeline "800x600"x120.0   81.00  800 832 928 1080  600 600 602 625 doublescan +hsync +vsync (75.0 kHz d)
[  9666.799] (II) modeset(0): Modeline "800x600"x60.3   40.00  800 840 968 1056  600 601 605 628 +hsync +vsync (37.9 kHz d)
[  9666.799] (II) modeset(0): Modeline "800x600"x56.2   36.00  800 824 896 1024  600 601 603 625 +hsync +vsync (35.2 kHz d)
[  9666.799] (II) modeset(0): Modeline "840x525"x120.0   73.12  840 892 980 1120  525 526 529 544 doublescan -hsync +vsync (65.3 kHz d)
[  9666.799] (II) modeset(0): Modeline "840x525"x119.8   59.50  840 864 880 920  525 526 529 540 doublescan +hsync -vsync (64.7 kHz d)
[  9666.799] (II) modeset(0): Modeline "864x486"x59.9   32.50  864 888 968 1072  486 489 494 506 -hsync +vsync (30.3 kHz d)
[  9666.799] (II) modeset(0): Modeline "864x486"x59.6   30.50  864 912 944 1024  486 489 494 500 +hsync -vsync (29.8 kHz d)
[  9666.799] (II) modeset(0): Modeline "700x525"x120.0   61.00  700 744 820 940  525 526 532 541 doublescan +hsync +vsync (64.9 kHz d)
[  9666.799] (II) modeset(0): Modeline "800x450"x119.9   59.12  800 848 928 1056  450 451 454 467 doublescan -hsync +vsync (56.0 kHz d)
[  9666.799] (II) modeset(0): Modeline "800x450"x119.6   48.75  800 824 840 880  450 451 454 463 doublescan +hsync -vsync (55.4 kHz d)
[  9666.799] (II) modeset(0): Modeline "640x512"x120.0   54.00  640 664 720 844  512 512 514 533 doublescan +hsync +vsync (64.0 kHz d)
[  9666.799] (II) modeset(0): Modeline "700x450"x119.9   51.75  700 740 812 924  450 451 456 467 doublescan -hsync +vsync (56.0 kHz d)
[  9666.799] (II) modeset(0): Modeline "700x450"x119.8   43.25  700 724 740 780  450 451 456 463 doublescan +hsync -vsync (55.4 kHz d)
[  9666.799] (II) modeset(0): Modeline "640x480"x120.0   54.00  640 688 744 900  480 480 482 500 doublescan +hsync +vsync (60.0 kHz d)
[  9666.799] (II) modeset(0): Modeline "640x480"x59.9   25.18  640 656 752 800  480 490 492 525 -hsync -vsync (31.5 kHz d)
[  9666.799] (II) modeset(0): Modeline "720x405"x59.5   22.50  720 744 808 896  405 408 413 422 -hsync +vsync (25.1 kHz d)
[  9666.799] (II) modeset(0): Modeline "720x405"x59.0   21.75  720 768 800 880  405 408 413 419 +hsync -vsync (24.7 kHz d)
[  9666.799] (II) modeset(0): Modeline "684x384"x119.8   42.62  684 720 788 892  384 385 390 399 doublescan -hsync +vsync (47.8 kHz d)
[  9666.799] (II) modeset(0): Modeline "684x384"x119.7   36.12  684 708 724 764  384 385 390 395 doublescan +hsync -vsync (47.3 kHz d)
[  9666.799] (II) modeset(0): Modeline "640x400"x119.8   41.75  640 676 740 840  400 401 404 415 doublescan -hsync +vsync (49.7 kHz d)
[  9666.799] (II) modeset(0): Modeline "640x400"x120.0   35.50  640 664 680 720  400 401 404 411 doublescan +hsync -vsync (49.3 kHz d)
[  9666.799] (II) modeset(0): Modeline "640x360"x119.7   37.25  640 672 736 832  360 361 364 374 doublescan -hsync +vsync (44.8 kHz d)
[  9666.799] (II) modeset(0): Modeline "640x360"x119.7   31.88  640 664 680 720  360 361 364 370 doublescan +hsync -vsync (44.3 kHz d)
[  9666.799] (II) modeset(0): Modeline "640x360"x59.8   18.00  640 664 720 800  360 363 368 376 -hsync +vsync (22.5 kHz d)
[  9666.799] (II) modeset(0): Modeline "640x360"x59.3   17.75  640 688 720 800  360 363 368 374 +hsync -vsync (22.2 kHz d)
[  9666.799] (II) modeset(0): Modeline "512x384"x120.0   32.50  512 524 592 672  384 385 388 403 doublescan -hsync -vsync (48.4 kHz d)
[  9666.799] (II) modeset(0): Modeline "512x288"x120.0   23.25  512 532 580 648  288 289 292 299 doublescan -hsync +vsync (35.9 kHz d)
[  9666.799] (II) modeset(0): Modeline "512x288"x119.8   21.00  512 536 552 592  288 289 292 296 doublescan +hsync -vsync (35.5 kHz d)
[  9666.799] (II) modeset(0): Modeline "480x270"x119.3   20.38  480 496 544 608  270 271 274 281 doublescan -hsync +vsync (33.5 kHz d)
[  9666.799] (II) modeset(0): Modeline "480x270"x119.6   18.62  480 504 520 560  270 271 274 278 doublescan +hsync -vsync (33.3 kHz d)
[  9666.799] (II) modeset(0): Modeline "400x300"x120.6   20.00  400 420 484 528  300 300 302 314 doublescan +hsync +vsync (37.9 kHz d)
[  9666.799] (II) modeset(0): Modeline "400x300"x112.7   18.00  400 412 448 512  300 300 301 312 doublescan +hsync +vsync (35.2 kHz d)
[  9666.799] (II) modeset(0): Modeline "432x243"x119.8   16.25  432 444 484 536  243 244 247 253 doublescan -hsync +vsync (30.3 kHz d)
[  9666.799] (II) modeset(0): Modeline "432x243"x119.1   15.25  432 456 472 512  243 244 247 250 doublescan +hsync -vsync (29.8 kHz d)
[  9666.799] (II) modeset(0): Modeline "320x240"x120.1   12.59  320 328 376 400  240 245 246 262 doublescan -hsync -vsync (31.5 kHz d)
[  9666.799] (II) modeset(0): Modeline "360x202"x119.0   11.25  360 372 404 448  202 204 206 211 doublescan -hsync +vsync (25.1 kHz d)
[  9666.799] (II) modeset(0): Modeline "360x202"x118.3   10.88  360 384 400 440  202 204 206 209 doublescan +hsync -vsync (24.7 kHz d)
[  9666.799] (II) modeset(0): Modeline "320x180"x119.7    9.00  320 332 360 400  180 181 184 188 doublescan -hsync +vsync (22.5 kHz d)
[  9666.799] (II) modeset(0): Modeline "320x180"x118.6    8.88  320 344 360 400  180 181 184 187 doublescan +hsync -vsync (22.2 kHz d)
[  9666.800] (II) modeset(0): EDID for output VGA-1
[  9666.802] (II) modeset(0): EDID for output HDMI-1
[  9666.802] (II) modeset(0): EDID for output DP-1
[  9666.802] (II) modeset(0): Output LVDS-1 connected
[  9666.802] (II) modeset(0): Output VGA-1 disconnected
[  9666.802] (II) modeset(0): Output HDMI-1 disconnected
[  9666.802] (II) modeset(0): Output DP-1 disconnected
[  9666.802] (II) modeset(0): Using exact sizes for initial modes
[  9666.802] (II) modeset(0): Output LVDS-1 using initial mode 1366x768 +0+0
[  9666.802] (==) modeset(0): Using gamma correction (1.0, 1.0, 1.0)
[  9666.802] (==) modeset(0): DPI set to (96, 96)
[  9666.802] (II) Loading sub module "fb"
[  9666.802] (II) LoadModule: "fb"
[  9666.802] (II) Loading /usr/lib/xorg/modules/libfb.so
[  9666.802] (II) Module fb: vendor="X.Org Foundation"
[  9666.802] 	compiled for 1.20.8, module version = 1.0.0
[  9666.802] 	ABI class: X.Org ANSI C Emulation, version 0.4
[  9666.802] (==) modeset(G0): Depth 24, (==) framebuffer bpp 32
[  9666.802] (==) modeset(G0): RGB weight 888
[  9666.802] (==) modeset(G0): Default visual is TrueColor
[  9666.802] (II) Loading sub module "glamoregl"
[  9666.802] (II) LoadModule: "glamoregl"
[  9666.802] (II) Loading /usr/lib/xorg/modules/libglamoregl.so
[  9666.802] (II) Module glamoregl: vendor="X.Org Foundation"
[  9666.802] 	compiled for 1.20.8, module version = 1.0.1
[  9666.802] 	ABI class: X.Org ANSI C Emulation, version 0.4
[  9666.878] (II) modeset(G0): glamor X acceleration enabled on NVD9
[  9666.878] (II) modeset(G0): glamor initialized
[  9666.890] (II) modeset(G0): Output VGA-1-2 has no monitor section
[  9666.900] (II) modeset(G0): EDID for output VGA-1-2
[  9666.901] (II) modeset(G0): Printing probed modes for output VGA-1-2
[  9666.901] (II) modeset(G0): Modeline "1024x768"x120.1  133.47  1024 1100 1212 1400  768 768 770 794 doublescan -hsync +vsync (95.3 kHz d)
[  9666.901] (II) modeset(G0): Modeline "1024x768"x60.0   65.00  1024 1048 1184 1344  768 771 777 806 -hsync -vsync (48.4 kHz e)
[  9666.901] (II) modeset(G0): Modeline "960x720"x120.0  117.00  960 1024 1128 1300  720 720 722 750 doublescan -hsync +vsync (90.0 kHz d)
[  9666.901] (II) modeset(G0): Modeline "928x696"x120.1  109.15  928 976 1088 1264  696 696 698 719 doublescan -hsync +vsync (86.4 kHz d)
[  9666.901] (II) modeset(G0): Modeline "896x672"x120.0  102.40  896 960 1060 1224  672 672 674 697 doublescan -hsync +vsync (83.7 kHz d)
[  9666.901] (II) modeset(G0): Modeline "1024x576"x119.9   98.50  1024 1092 1200 1376  576 577 580 597 doublescan -hsync +vsync (71.6 kHz d)
[  9666.901] (II) modeset(G0): Modeline "1024x576"x119.9   78.38  1024 1048 1064 1104  576 577 580 592 doublescan +hsync -vsync (71.0 kHz d)
[  9666.901] (II) modeset(G0): Modeline "1024x576"x59.9   46.50  1024 1064 1160 1296  576 579 584 599 -hsync +vsync (35.9 kHz d)
[  9666.901] (II) modeset(G0): Modeline "1024x576"x59.8   42.00  1024 1072 1104 1184  576 579 584 593 +hsync -vsync (35.5 kHz d)
[  9666.901] (II) modeset(G0): Modeline "960x600"x119.9   96.62  960 1028 1128 1296  600 601 604 622 doublescan -hsync +vsync (74.6 kHz d)
[  9666.901] (II) modeset(G0): Modeline "960x600"x120.0   77.00  960 984 1000 1040  600 601 604 617 doublescan +hsync -vsync (74.0 kHz d)
[  9666.901] (II) modeset(G0): Modeline "960x540"x119.9   86.50  960 1024 1124 1288  540 541 544 560 doublescan -hsync +vsync (67.2 kHz d)
[  9666.901] (II) modeset(G0): Modeline "960x540"x120.0   69.25  960 984 1000 1040  540 541 544 555 doublescan +hsync -vsync (66.6 kHz d)
[  9666.901] (II) modeset(G0): Modeline "960x540"x59.6   40.75  960 992 1088 1216  540 543 548 562 -hsync +vsync (33.5 kHz d)
[  9666.901] (II) modeset(G0): Modeline "960x540"x59.8   37.25  960 1008 1040 1120  540 543 548 556 +hsync -vsync (33.3 kHz d)
[  9666.901] (II) modeset(G0): Modeline "800x600"x120.0   81.00  800 832 928 1080  600 600 602 625 doublescan +hsync +vsync (75.0 kHz d)
[  9666.901] (II) modeset(G0): Modeline "800x600"x60.3   40.00  800 840 968 1056  600 601 605 628 +hsync +vsync (37.9 kHz e)
[  9666.901] (II) modeset(G0): Modeline "800x600"x56.2   36.00  800 824 896 1024  600 601 603 625 +hsync +vsync (35.2 kHz e)
[  9666.901] (II) modeset(G0): Modeline "840x525"x120.0   73.12  840 892 980 1120  525 526 529 544 doublescan -hsync +vsync (65.3 kHz d)
[  9666.901] (II) modeset(G0): Modeline "840x525"x119.8   59.50  840 864 880 920  525 526 529 540 doublescan +hsync -vsync (64.7 kHz d)
[  9666.901] (II) modeset(G0): Modeline "864x486"x59.9   32.50  864 888 968 1072  486 489 494 506 -hsync +vsync (30.3 kHz d)
[  9666.901] (II) modeset(G0): Modeline "864x486"x59.6   30.50  864 912 944 1024  486 489 494 500 +hsync -vsync (29.8 kHz d)
[  9666.901] (II) modeset(G0): Modeline "848x480"x60.0   33.75  848 864 976 1088  480 486 494 517 +hsync +vsync (31.0 kHz e)
[  9666.901] (II) modeset(G0): Modeline "700x525"x120.0   61.00  700 744 820 940  525 526 532 541 doublescan +hsync +vsync (64.9 kHz d)
[  9666.901] (II) modeset(G0): Modeline "800x450"x119.9   59.12  800 848 928 1056  450 451 454 467 doublescan -hsync +vsync (56.0 kHz d)
[  9666.901] (II) modeset(G0): Modeline "800x450"x119.6   48.75  800 824 840 880  450 451 454 463 doublescan +hsync -vsync (55.4 kHz d)
[  9666.901] (II) modeset(G0): Modeline "640x512"x120.0   54.00  640 664 720 844  512 512 514 533 doublescan +hsync +vsync (64.0 kHz d)
[  9666.901] (II) modeset(G0): Modeline "700x450"x119.9   51.75  700 740 812 924  450 451 456 467 doublescan -hsync +vsync (56.0 kHz d)
[  9666.901] (II) modeset(G0): Modeline "700x450"x119.8   43.25  700 724 740 780  450 451 456 463 doublescan +hsync -vsync (55.4 kHz d)
[  9666.901] (II) modeset(G0): Modeline "640x480"x120.0   54.00  640 688 744 900  480 480 482 500 doublescan +hsync +vsync (60.0 kHz d)
[  9666.901] (II) modeset(G0): Modeline "640x480"x59.9   25.18  640 656 752 800  480 490 492 525 -hsync -vsync (31.5 kHz e)
[  9666.901] (II) modeset(G0): Modeline "720x405"x59.5   22.50  720 744 808 896  405 408 413 422 -hsync +vsync (25.1 kHz d)
[  9666.901] (II) modeset(G0): Modeline "720x405"x59.0   21.75  720 768 800 880  405 408 413 419 +hsync -vsync (24.7 kHz d)
[  9666.901] (II) modeset(G0): Modeline "684x384"x119.8   42.62  684 720 788 892  384 385 390 399 doublescan -hsync +vsync (47.8 kHz d)
[  9666.901] (II) modeset(G0): Modeline "684x384"x119.7   36.12  684 708 724 764  384 385 390 395 doublescan +hsync -vsync (47.3 kHz d)
[  9666.901] (II) modeset(G0): Modeline "640x400"x119.8   41.75  640 676 740 840  400 401 404 415 doublescan -hsync +vsync (49.7 kHz d)
[  9666.901] (II) modeset(G0): Modeline "640x400"x120.0   35.50  640 664 680 720  400 401 404 411 doublescan +hsync -vsync (49.3 kHz d)
[  9666.901] (II) modeset(G0): Modeline "640x360"x119.7   37.25  640 672 736 832  360 361 364 374 doublescan -hsync +vsync (44.8 kHz d)
[  9666.901] (II) modeset(G0): Modeline "640x360"x119.7   31.88  640 664 680 720  360 361 364 370 doublescan +hsync -vsync (44.3 kHz d)
[  9666.901] (II) modeset(G0): Modeline "640x360"x59.8   18.00  640 664 720 800  360 363 368 376 -hsync +vsync (22.5 kHz d)
[  9666.901] (II) modeset(G0): Modeline "640x360"x59.3   17.75  640 688 720 800  360 363 368 374 +hsync -vsync (22.2 kHz d)
[  9666.901] (II) modeset(G0): Modeline "512x384"x120.0   32.50  512 524 592 672  384 385 388 403 doublescan -hsync -vsync (48.4 kHz d)
[  9666.901] (II) modeset(G0): Modeline "512x288"x120.0   23.25  512 532 580 648  288 289 292 299 doublescan -hsync +vsync (35.9 kHz d)
[  9666.901] (II) modeset(G0): Modeline "512x288"x119.8   21.00  512 536 552 592  288 289 292 296 doublescan +hsync -vsync (35.5 kHz d)
[  9666.901] (II) modeset(G0): Modeline "480x270"x119.3   20.38  480 496 544 608  270 271 274 281 doublescan -hsync +vsync (33.5 kHz d)
[  9666.901] (II) modeset(G0): Modeline "480x270"x119.6   18.62  480 504 520 560  270 271 274 278 doublescan +hsync -vsync (33.3 kHz d)
[  9666.901] (II) modeset(G0): Modeline "400x300"x120.6   20.00  400 420 484 528  300 300 302 314 doublescan +hsync +vsync (37.9 kHz d)
[  9666.901] (II) modeset(G0): Modeline "400x300"x112.7   18.00  400 412 448 512  300 300 301 312 doublescan +hsync +vsync (35.2 kHz d)
[  9666.901] (II) modeset(G0): Modeline "432x243"x119.8   16.25  432 444 484 536  243 244 247 253 doublescan -hsync +vsync (30.3 kHz d)
[  9666.901] (II) modeset(G0): Modeline "432x243"x119.1   15.25  432 456 472 512  243 244 247 250 doublescan +hsync -vsync (29.8 kHz d)
[  9666.901] (II) modeset(G0): Modeline "320x240"x120.1   12.59  320 328 376 400  240 245 246 262 doublescan -hsync -vsync (31.5 kHz d)
[  9666.901] (II) modeset(G0): Modeline "360x202"x119.0   11.25  360 372 404 448  202 204 206 211 doublescan -hsync +vsync (25.1 kHz d)
[  9666.901] (II) modeset(G0): Modeline "360x202"x118.3   10.88  360 384 400 440  202 204 206 209 doublescan +hsync -vsync (24.7 kHz d)
[  9666.901] (II) modeset(G0): Modeline "320x180"x119.7    9.00  320 332 360 400  180 181 184 188 doublescan -hsync +vsync (22.5 kHz d)
[  9666.901] (II) modeset(G0): Modeline "320x180"x118.6    8.88  320 344 360 400  180 181 184 187 doublescan +hsync -vsync (22.2 kHz d)
[  9666.901] (==) modeset(G0): Using gamma correction (1.0, 1.0, 1.0)
[  9666.901] (==) modeset(G0): DPI set to (96, 96)
[  9666.901] (II) Loading sub module "fb"
[  9666.901] (II) LoadModule: "fb"
[  9666.901] (II) Loading /usr/lib/xorg/modules/libfb.so
[  9666.901] (II) Module fb: vendor="X.Org Foundation"
[  9666.901] 	compiled for 1.20.8, module version = 1.0.0
[  9666.901] 	ABI class: X.Org ANSI C Emulation, version 0.4
[  9666.907] (==) modeset(0): Backing store enabled
[  9666.907] (==) modeset(0): Silken mouse disabled
[  9666.935] (II) modeset(0): Initializing kms color map for depth 24, 8 bpc.
[  9666.936] (==) modeset(0): DPMS enabled
[  9666.936] (II) modeset(0): [DRI2] Setup complete
[  9666.936] (II) modeset(0): [DRI2]   DRI driver: i965
[  9666.936] (II) modeset(0): [DRI2]   VDPAU driver: va_gl
[  9666.958] (==) modeset(G0): Backing store enabled
[  9666.958] (==) modeset(G0): Silken mouse disabled
[  9666.958] (II) modeset(G0): Initializing kms color map for depth 24, 8 bpc.
[  9666.958] (==) modeset(G0): DPMS enabled
[  9666.958] (II) modeset(G0): [DRI2] Setup complete
[  9666.958] (II) modeset(G0): [DRI2]   DRI driver: nouveau
[  9666.958] (II) modeset(G0): [DRI2]   VDPAU driver: nouveau
[  9666.959] (II) Initializing extension Generic Event Extension
[  9666.959] (II) Initializing extension SHAPE
[  9666.959] (II) Initializing extension MIT-SHM
[  9666.959] (II) Initializing extension XInputExtension
[  9666.959] (II) Initializing extension XTEST
[  9666.959] (II) Initializing extension BIG-REQUESTS
[  9666.959] (II) Initializing extension SYNC
[  9666.959] (II) Initializing extension XKEYBOARD
[  9666.959] (II) Initializing extension XC-MISC
[  9666.959] (II) Initializing extension SECURITY
[  9666.959] (II) Initializing extension XFIXES
[  9666.959] (II) Initializing extension RENDER
[  9666.959] (II) Initializing extension RANDR
[  9666.959] (II) Initializing extension COMPOSITE
[  9666.959] (II) Initializing extension DAMAGE
[  9666.959] (II) Initializing extension MIT-SCREEN-SAVER
[  9666.959] (II) Initializing extension DOUBLE-BUFFER
[  9666.959] (II) Initializing extension RECORD
[  9666.959] (II) Initializing extension DPMS
[  9666.959] (II) Initializing extension Present
[  9666.959] (II) Initializing extension DRI3
[  9666.959] (II) Initializing extension X-Resource
[  9666.959] (II) Initializing extension XVideo
[  9666.959] (II) Initializing extension XVideo-MotionCompensation
[  9666.959] (II) Initializing extension GLX
[  9666.968] (II) AIGLX: Loaded and initialized i965
[  9666.968] (II) GLX: Initialized DRI2 GL provider for screen 0
[  9666.968] (II) Initializing extension XFree86-VidModeExtension
[  9666.968] (II) Initializing extension XFree86-DGA
[  9666.968] (II) Initializing extension XFree86-DRI
[  9666.968] (II) Initializing extension DRI2
[  9666.969] (II) modeset(G0): Damage tracking initialized
[  9666.971] (II) modeset(0): Damage tracking initialized
[  9666.971] (II) modeset(0): Setting screen physical size to 361 x 203
[  9667.013] (II) config/udev: Adding input device Power Button (/dev/input/event2)
[  9667.013] (**) Power Button: Applying InputClass "libinput keyboard catchall"
[  9667.013] (II) LoadModule: "libinput"
[  9667.013] (II) Loading /usr/lib/xorg/modules/input/libinput_drv.so
[  9667.014] (II) Module libinput: vendor="X.Org Foundation"
[  9667.014] 	compiled for 1.20.7, module version = 0.29.0
[  9667.014] 	Module class: X.Org XInput Driver
[  9667.014] 	ABI class: X.Org XInput driver, version 24.1
[  9667.014] (II) Using input driver 'libinput' for 'Power Button'
[  9667.015] (II) systemd-logind: got fd for /dev/input/event2 13:66 fd 19 paused 0
[  9667.016] (**) Power Button: always reports core events
[  9667.016] (**) Option "Device" "/dev/input/event2"
[  9667.016] (**) Option "_source" "server/udev"
[  9667.020] (II) event2  - Power Button: is tagged by udev as: Keyboard
[  9667.020] (II) event2  - Power Button: device is a keyboard
[  9667.020] (II) event2  - Power Button: device removed
[  9667.020] (**) Option "config_info" "udev:/sys/devices/LNXSYSTM:00/LNXPWRBN:00/input/input2/event2"
[  9667.020] (II) XINPUT: Adding extended input device "Power Button" (type: KEYBOARD, id 6)
[  9667.022] (II) event2  - Power Button: is tagged by udev as: Keyboard
[  9667.022] (II) event2  - Power Button: device is a keyboard
[  9667.023] (II) config/udev: Adding input device Video Bus (/dev/input/event8)
[  9667.023] (**) Video Bus: Applying InputClass "libinput keyboard catchall"
[  9667.023] (II) Using input driver 'libinput' for 'Video Bus'
[  9667.024] (II) systemd-logind: got fd for /dev/input/event8 13:72 fd 22 paused 0
[  9667.024] (**) Video Bus: always reports core events
[  9667.024] (**) Option "Device" "/dev/input/event8"
[  9667.024] (**) Option "_source" "server/udev"
[  9667.026] (II) event8  - Video Bus: is tagged by udev as: Keyboard
[  9667.026] (II) event8  - Video Bus: device is a keyboard
[  9667.026] (II) event8  - Video Bus: device removed
[  9667.026] (**) Option "config_info" "udev:/sys/devices/LNXSYSTM:00/LNXSYBUS:00/PNP0A08:00/LNXVIDEO:01/input/input10/event8"
[  9667.026] (II) XINPUT: Adding extended input device "Video Bus" (type: KEYBOARD, id 7)
[  9667.027] (II) event8  - Video Bus: is tagged by udev as: Keyboard
[  9667.027] (II) event8  - Video Bus: device is a keyboard
[  9667.028] (II) config/udev: Adding input device Video Bus (/dev/input/event7)
[  9667.028] (**) Video Bus: Applying InputClass "libinput keyboard catchall"
[  9667.028] (II) Using input driver 'libinput' for 'Video Bus'
[  9667.030] (II) systemd-logind: got fd for /dev/input/event7 13:71 fd 23 paused 0
[  9667.030] (**) Video Bus: always reports core events
[  9667.030] (**) Option "Device" "/dev/input/event7"
[  9667.030] (**) Option "_source" "server/udev"
[  9667.032] (II) event7  - Video Bus: is tagged by udev as: Keyboard
[  9667.033] (II) event7  - Video Bus: device is a keyboard
[  9667.033] (II) event7  - Video Bus: device removed
[  9667.033] (**) Option "config_info" "udev:/sys/devices/LNXSYSTM:00/LNXSYBUS:00/PNP0A08:00/device:2b/LNXVIDEO:00/input/input9/event7"
[  9667.033] (II) XINPUT: Adding extended input device "Video Bus" (type: KEYBOARD, id 8)
[  9667.036] (II) event7  - Video Bus: is tagged by udev as: Keyboard
[  9667.036] (II) event7  - Video Bus: device is a keyboard
[  9667.038] (II) config/udev: Adding input device Power Button (/dev/input/event1)
[  9667.038] (**) Power Button: Applying InputClass "libinput keyboard catchall"
[  9667.038] (II) Using input driver 'libinput' for 'Power Button'
[  9667.039] (II) systemd-logind: got fd for /dev/input/event1 13:65 fd 24 paused 0
[  9667.039] (**) Power Button: always reports core events
[  9667.039] (**) Option "Device" "/dev/input/event1"
[  9667.039] (**) Option "_source" "server/udev"
[  9667.041] (II) event1  - Power Button: is tagged by udev as: Keyboard
[  9667.041] (II) event1  - Power Button: device is a keyboard
[  9667.042] (II) event1  - Power Button: device removed
[  9667.042] (**) Option "config_info" "udev:/sys/devices/LNXSYSTM:00/LNXSYBUS:00/PNP0C0C:00/input/input1/event1"
[  9667.042] (II) XINPUT: Adding extended input device "Power Button" (type: KEYBOARD, id 9)
[  9667.043] (II) event1  - Power Button: is tagged by udev as: Keyboard
[  9667.043] (II) event1  - Power Button: device is a keyboard
[  9667.043] (II) config/udev: Adding input device Lid Switch (/dev/input/event0)
[  9667.043] (II) No input driver specified, ignoring this device.
[  9667.043] (II) This device may have been added with another device file.
[  9667.044] (II) config/udev: Adding input device WebCam SC-0311139N (/dev/input/event6)
[  9667.044] (**) WebCam SC-0311139N: Applying InputClass "libinput keyboard catchall"
[  9667.044] (II) Using input driver 'libinput' for 'WebCam SC-0311139N'
[  9667.045] (II) systemd-logind: got fd for /dev/input/event6 13:70 fd 25 paused 0
[  9667.045] (**) WebCam SC-0311139N: always reports core events
[  9667.045] (**) Option "Device" "/dev/input/event6"
[  9667.045] (**) Option "_source" "server/udev"
[  9667.048] (II) event6  - WebCam SC-0311139N: is tagged by udev as: Keyboard
[  9667.048] (II) event6  - WebCam SC-0311139N: device is a keyboard
[  9667.049] (II) event6  - WebCam SC-0311139N: device removed
[  9667.049] (**) Option "config_info" "udev:/sys/devices/pci0000:00/0000:00:1a.0/usb1/1-1/1-1.4/1-1.4:1.0/input/input8/event6"
[  9667.049] (II) XINPUT: Adding extended input device "WebCam SC-0311139N" (type: KEYBOARD, id 10)
[  9667.052] (II) event6  - WebCam SC-0311139N: is tagged by udev as: Keyboard
[  9667.052] (II) event6  - WebCam SC-0311139N: device is a keyboard
[  9667.053] (II) config/udev: Adding input device HDA Intel PCH Mic (/dev/input/event9)
[  9667.053] (II) No input driver specified, ignoring this device.
[  9667.053] (II) This device may have been added with another device file.
[  9667.054] (II) config/udev: Adding input device HDA Intel PCH Headphone (/dev/input/event10)
[  9667.054] (II) No input driver specified, ignoring this device.
[  9667.054] (II) This device may have been added with another device file.
[  9667.055] (II) config/udev: Adding input device HDA Intel PCH HDMI/DP,pcm=3 (/dev/input/event11)
[  9667.055] (II) No input driver specified, ignoring this device.
[  9667.055] (II) This device may have been added with another device file.
[  9667.056] (II) config/udev: Adding input device PixArt HP USB Optical Mouse (/dev/input/event5)
[  9667.056] (**) PixArt HP USB Optical Mouse: Applying InputClass "libinput pointer catchall"
[  9667.056] (II) Using input driver 'libinput' for 'PixArt HP USB Optical Mouse'
[  9667.057] (II) systemd-logind: got fd for /dev/input/event5 13:69 fd 26 paused 0
[  9667.057] (**) PixArt HP USB Optical Mouse: always reports core events
[  9667.057] (**) Option "Device" "/dev/input/event5"
[  9667.057] (**) Option "_source" "server/udev"
[  9667.060] (II) event5  - PixArt HP USB Optical Mouse: is tagged by udev as: Mouse
[  9667.060] (II) event5  - PixArt HP USB Optical Mouse: device is a pointer
[  9667.060] (II) event5  - PixArt HP USB Optical Mouse: device removed
[  9667.060] (**) Option "config_info" "udev:/sys/devices/pci0000:00/0000:00:1d.0/usb2/2-1/2-1.2/2-1.2:1.0/0003:03F0:134A.0001/input/input7/event5"
[  9667.060] (II) XINPUT: Adding extended input device "PixArt HP USB Optical Mouse" (type: MOUSE, id 11)
[  9667.061] (**) Option "AccelerationScheme" "none"
[  9667.061] (**) PixArt HP USB Optical Mouse: (accel) selected scheme none/0
[  9667.061] (**) PixArt HP USB Optical Mouse: (accel) acceleration factor: 2.000
[  9667.061] (**) PixArt HP USB Optical Mouse: (accel) acceleration threshold: 4
[  9667.063] (II) event5  - PixArt HP USB Optical Mouse: is tagged by udev as: Mouse
[  9667.063] (II) event5  - PixArt HP USB Optical Mouse: device is a pointer
[  9667.065] (II) config/udev: Adding input device PixArt HP USB Optical Mouse (/dev/input/mouse0)
[  9667.065] (II) No input driver specified, ignoring this device.
[  9667.065] (II) This device may have been added with another device file.
[  9667.065] (II) config/udev: Adding input device AT Translated Set 2 keyboard (/dev/input/event3)
[  9667.065] (**) AT Translated Set 2 keyboard: Applying InputClass "libinput keyboard catchall"
[  9667.065] (II) Using input driver 'libinput' for 'AT Translated Set 2 keyboard'
[  9667.066] (II) systemd-logind: got fd for /dev/input/event3 13:67 fd 27 paused 0
[  9667.066] (**) AT Translated Set 2 keyboard: always reports core events
[  9667.066] (**) Option "Device" "/dev/input/event3"
[  9667.066] (**) Option "_source" "server/udev"
[  9667.069] (II) event3  - AT Translated Set 2 keyboard: is tagged by udev as: Keyboard
[  9667.069] (II) event3  - AT Translated Set 2 keyboard: device is a keyboard
[  9667.070] (II) event3  - AT Translated Set 2 keyboard: device removed
[  9667.070] (**) Option "config_info" "udev:/sys/devices/platform/i8042/serio0/input/input3/event3"
[  9667.070] (II) XINPUT: Adding extended input device "AT Translated Set 2 keyboard" (type: KEYBOARD, id 12)
[  9667.073] (II) event3  - AT Translated Set 2 keyboard: is tagged by udev as: Keyboard
[  9667.073] (II) event3  - AT Translated Set 2 keyboard: device is a keyboard
[  9667.076] (II) config/udev: Adding input device ETPS/2 Elantech Touchpad (/dev/input/event12)
[  9667.076] (**) ETPS/2 Elantech Touchpad: Applying InputClass "libinput touchpad catchall"
[  9667.076] (II) Using input driver 'libinput' for 'ETPS/2 Elantech Touchpad'
[  9667.077] (II) systemd-logind: got fd for /dev/input/event12 13:76 fd 28 paused 0
[  9667.077] (**) ETPS/2 Elantech Touchpad: always reports core events
[  9667.077] (**) Option "Device" "/dev/input/event12"
[  9667.077] (**) Option "_source" "server/udev"
[  9667.079] (II) event12 - ETPS/2 Elantech Touchpad: is tagged by udev as: Touchpad
[  9667.080] (II) event12 - ETPS/2 Elantech Touchpad: device is a touchpad
[  9667.080] (II) event12 - ETPS/2 Elantech Touchpad: device removed
[  9667.080] (**) Option "config_info" "udev:/sys/devices/platform/i8042/serio1/input/input6/event12"
[  9667.080] (II) XINPUT: Adding extended input device "ETPS/2 Elantech Touchpad" (type: TOUCHPAD, id 13)
[  9667.081] (**) Option "AccelerationScheme" "none"
[  9667.081] (**) ETPS/2 Elantech Touchpad: (accel) selected scheme none/0
[  9667.081] (**) ETPS/2 Elantech Touchpad: (accel) acceleration factor: 2.000
[  9667.081] (**) ETPS/2 Elantech Touchpad: (accel) acceleration threshold: 4
[  9667.082] (II) event12 - ETPS/2 Elantech Touchpad: is tagged by udev as: Touchpad
[  9667.082] (II) event12 - ETPS/2 Elantech Touchpad: device is a touchpad
[  9667.083] (II) config/udev: Adding input device ETPS/2 Elantech Touchpad (/dev/input/mouse1)
[  9667.083] (II) No input driver specified, ignoring this device.
[  9667.083] (II) This device may have been added with another device file.
[  9667.083] (II) config/udev: Adding input device PC Speaker (/dev/input/event4)
[  9667.083] (II) No input driver specified, ignoring this device.
[  9667.083] (II) This device may have been added with another device file.
[  9667.173] (II) modeset(0): EDID vendor "SEC", prod id 13897
[  9667.173] (II) modeset(0): Printing DDC gathered Modelines:
[  9667.173] (II) modeset(0): Modeline "1366x768"x0.0   70.70  1366 1414 1446 1486  768 770 775 792 -hsync -vsync (47.6 kHz eP)
[  9667.176] (II) modeset(0): EDID vendor "SEC", prod id 13897
[  9667.176] (II) modeset(0): Printing DDC gathered Modelines:
[  9667.176] (II) modeset(0): Modeline "1366x768"x0.0   70.70  1366 1414 1446 1486  768 770 775 792 -hsync -vsync (47.6 kHz eP)
[  9746.356] (II) Axis 0 value 2456 is outside expected range [-62, 1302]
See https://wayland.freedesktop.org/libinput/doc/1.15.4/absolute_coordinate_ranges.html for details
[  9757.858] (II) modeset(0): EDID vendor "SEC", prod id 13897
[  9757.859] (II) modeset(0): Printing DDC gathered Modelines:
[  9757.859] (II) modeset(0): Modeline "1366x768"x0.0   70.70  1366 1414 1446 1486  768 770 775 792 -hsync -vsync (47.6 kHz eP)
[  9757.862] (II) modeset(0): EDID vendor "SEC", prod id 13897
[  9757.863] (II) modeset(0): Printing DDC gathered Modelines:
[  9757.863] (II) modeset(0): Modeline "1366x768"x0.0   70.70  1366 1414 1446 1486  768 770 775 792 -hsync -vsync (47.6 kHz eP)
[ 12078.708] (**) Option "fd" "19"
[ 12078.708] (II) event2  - Power Button: device removed
[ 12078.708] (**) Option "fd" "22"
[ 12078.708] (II) event8  - Video Bus: device removed
[ 12078.708] (**) Option "fd" "23"
[ 12078.708] (II) event7  - Video Bus: device removed
[ 12078.708] (**) Option "fd" "24"
[ 12078.708] (II) event1  - Power Button: device removed
[ 12078.709] (**) Option "fd" "25"
[ 12078.709] (II) event6  - WebCam SC-0311139N: device removed
[ 12078.709] (**) Option "fd" "26"
[ 12078.709] (II) event5  - PixArt HP USB Optical Mouse: device removed
[ 12078.709] (**) Option "fd" "27"
[ 12078.709] (II) event3  - AT Translated Set 2 keyboard: device removed
[ 12078.709] (**) Option "fd" "28"
[ 12078.709] (II) event12 - ETPS/2 Elantech Touchpad: device removed
[ 12078.723] (II) UnloadModule: "libinput"
[ 12078.723] (II) systemd-logind: releasing fd for 13:76
[ 12078.825] (II) UnloadModule: "libinput"
[ 12078.825] (II) systemd-logind: releasing fd for 13:67
[ 12078.858] (II) UnloadModule: "libinput"
[ 12078.858] (II) systemd-logind: releasing fd for 13:69
[ 12078.935] (II) UnloadModule: "libinput"
[ 12078.935] (II) systemd-logind: releasing fd for 13:70
[ 12078.997] (II) UnloadModule: "libinput"
[ 12078.997] (II) systemd-logind: releasing fd for 13:65
[ 12079.092] (II) UnloadModule: "libinput"
[ 12079.092] (II) systemd-logind: releasing fd for 13:71
[ 12079.139] (II) UnloadModule: "libinput"
[ 12079.140] (II) systemd-logind: releasing fd for 13:72
[ 12079.186] (II) UnloadModule: "libinput"
[ 12079.186] (II) systemd-logind: releasing fd for 13:66
[ 12079.680] (WW) xf86CloseConsole: KDSETMODE failed: Input/output error
[ 12079.680] (WW) xf86CloseConsole: VT_GETMODE failed: Input/output error
[ 12079.680] (WW) xf86CloseConsole: VT_ACTIVATE failed: Input/output error
[ 12079.681] (II) Server terminated successfully (0). Closing log file.
