[    28.704] (WW) Failed to open protocol names file lib/xorg/protocol.txt
[    28.704] 
X.Org X Server 1.20.8
X Protocol Version 11, Revision 0
[    28.705] Build Operating System: Linux Arch Linux
[    28.705] Current Operating System: Linux Arch 5.6.3-arch1-1 #1 SMP PREEMPT Wed, 08 Apr 2020 07:47:16 +0000 x86_64
[    28.705] Kernel command line: BOOT_IMAGE=/boot/vmlinuz-linux root=UUID=6071250b-def5-4d20-a92f-f326743b2107 rw loglevel=3 quiet
[    28.705] Build Date: 30 March 2020  05:05:45AM
[    28.705]  
[    28.705] Current version of pixman: 0.38.4
[    28.705] 	Before reporting problems, check http://wiki.x.org
	to make sure that you have the latest version.
[    28.705] Markers: (--) probed, (**) from config file, (==) default setting,
	(++) from command line, (!!) notice, (II) informational,
	(WW) warning, (EE) error, (NI) not implemented, (??) unknown.
[    28.706] (==) Log file: "/home/trudy/.local/share/xorg/Xorg.0.log", Time: Mon Apr 13 22:03:32 2020
[    28.708] (==) Using system config directory "/usr/share/X11/xorg.conf.d"
[    28.709] (==) No Layout section.  Using the first Screen section.
[    28.709] (==) No screen section available. Using defaults.
[    28.709] (**) |-->Screen "Default Screen Section" (0)
[    28.709] (**) |   |-->Monitor "<default monitor>"
[    28.710] (==) No monitor specified for screen "Default Screen Section".
	Using a default monitor configuration.
[    28.710] (==) Automatically adding devices
[    28.710] (==) Automatically enabling devices
[    28.710] (==) Automatically adding GPU devices
[    28.710] (==) Automatically binding GPU devices
[    28.710] (==) Max clients allowed: 256, resource mask: 0x1fffff
[    28.715] (WW) The directory "/usr/share/fonts/OTF" does not exist.
[    28.715] 	Entry deleted from font path.
[    28.715] (WW) The directory "/usr/share/fonts/Type1" does not exist.
[    28.715] 	Entry deleted from font path.
[    28.715] (WW) The directory "/usr/share/fonts/100dpi" does not exist.
[    28.715] 	Entry deleted from font path.
[    28.715] (WW) The directory "/usr/share/fonts/75dpi" does not exist.
[    28.715] 	Entry deleted from font path.
[    28.715] (==) FontPath set to:
	/usr/share/fonts/misc,
	/usr/share/fonts/TTF
[    28.715] (==) ModulePath set to "/usr/lib/xorg/modules"
[    28.715] (II) The server relies on udev to provide the list of input devices.
	If no devices become available, reconfigure udev or disable AutoAddDevices.
[    28.715] (II) Module ABI versions:
[    28.715] 	X.Org ANSI C Emulation: 0.4
[    28.715] 	X.Org Video Driver: 24.1
[    28.715] 	X.Org XInput driver : 24.1
[    28.715] 	X.Org Server Extension : 10.0
[    28.717] (++) using VT number 1

[    28.721] (II) systemd-logind: took control of session /org/freedesktop/login1/session/_31
[    28.723] (II) xfree86: Adding drm device (/dev/dri/card1)
[    28.724] (II) systemd-logind: got fd for /dev/dri/card1 226:1 fd 10 paused 0
[    28.725] (II) xfree86: Adding drm device (/dev/dri/card0)
[    28.727] (II) systemd-logind: got fd for /dev/dri/card0 226:0 fd 11 paused 0
[    28.730] (--) PCI:*(0@0:2:0) 8086:0116:144d:c0b6 rev 9, Mem @ 0xe1000000/4194304, 0xd0000000/268435456, I/O @ 0x00004000/64, BIOS @ 0x????????/131072
[    28.730] (--) PCI: (1@0:0:0) 10de:1051:144d:c0b6 rev 161, Mem @ 0xe0000000/16777216, 0xb0000000/268435456, 0xc0000000/33554432, I/O @ 0x00003000/128
[    28.730] (WW) Open ACPI failed (/var/run/acpid.socket) (No such file or directory)
[    28.730] (II) LoadModule: "glx"
[    28.731] (II) Loading /usr/lib/xorg/modules/extensions/libglx.so
[    28.744] (II) Module glx: vendor="X.Org Foundation"
[    28.744] 	compiled for 1.20.8, module version = 1.0.0
[    28.744] 	ABI class: X.Org Server Extension, version 10.0
[    28.744] (==) Matched intel as autoconfigured driver 0
[    28.744] (==) Matched nouveau as autoconfigured driver 1
[    28.744] (==) Matched nv as autoconfigured driver 2
[    28.744] (==) Matched modesetting as autoconfigured driver 3
[    28.744] (==) Matched fbdev as autoconfigured driver 4
[    28.744] (==) Matched vesa as autoconfigured driver 5
[    28.745] (==) Assigned the driver to the xf86ConfigLayout
[    28.745] (II) LoadModule: "intel"
[    28.745] (WW) Warning, couldn't open module intel
[    28.745] (EE) Failed to load module "intel" (module does not exist, 0)
[    28.745] (II) LoadModule: "nouveau"
[    28.746] (WW) Warning, couldn't open module nouveau
[    28.746] (EE) Failed to load module "nouveau" (module does not exist, 0)
[    28.746] (II) LoadModule: "nv"
[    28.746] (WW) Warning, couldn't open module nv
[    28.746] (EE) Failed to load module "nv" (module does not exist, 0)
[    28.746] (II) LoadModule: "modesetting"
[    28.746] (II) Loading /usr/lib/xorg/modules/drivers/modesetting_drv.so
[    28.750] (II) Module modesetting: vendor="X.Org Foundation"
[    28.750] 	compiled for 1.20.8, module version = 1.20.8
[    28.750] 	Module class: X.Org Video Driver
[    28.750] 	ABI class: X.Org Video Driver, version 24.1
[    28.750] (II) LoadModule: "fbdev"
[    28.750] (WW) Warning, couldn't open module fbdev
[    28.750] (EE) Failed to load module "fbdev" (module does not exist, 0)
[    28.750] (II) LoadModule: "vesa"
[    28.751] (WW) Warning, couldn't open module vesa
[    28.751] (EE) Failed to load module "vesa" (module does not exist, 0)
[    28.751] (II) modesetting: Driver for Modesetting Kernel Drivers: kms
[    28.751] (II) modeset(0): using drv /dev/dri/card0
[    28.751] (II) modeset(G0): using drv /dev/dri/card1
[    28.751] (WW) VGA arbiter: cannot open kernel arbiter, no multi-card support
[    28.751] (II) modeset(0): Creating default Display subsection in Screen section
	"Default Screen Section" for depth/fbbpp 24/32
[    28.751] (==) modeset(0): Depth 24, (==) framebuffer bpp 32
[    28.751] (==) modeset(0): RGB weight 888
[    28.751] (==) modeset(0): Default visual is TrueColor
[    28.751] (II) Loading sub module "glamoregl"
[    28.751] (II) LoadModule: "glamoregl"
[    28.751] (II) Loading /usr/lib/xorg/modules/libglamoregl.so
[    28.764] (II) Module glamoregl: vendor="X.Org Foundation"
[    28.764] 	compiled for 1.20.8, module version = 1.0.1
[    28.764] 	ABI class: X.Org ANSI C Emulation, version 0.4
[    28.869] (II) modeset(0): glamor X acceleration enabled on Mesa DRI Intel(R) HD Graphics 3000 (SNB GT2)
[    28.869] (II) modeset(0): glamor initialized
[    28.869] (II) modeset(0): Output LVDS-1 has no monitor section
[    28.883] (II) modeset(0): Output VGA-1 has no monitor section
[    28.885] (II) modeset(0): Output HDMI-1 has no monitor section
[    28.885] (II) modeset(0): Output DP-1 has no monitor section
[    28.886] (II) modeset(0): EDID for output LVDS-1
[    28.886] (II) modeset(0): Manufacturer: SEC  Model: 3649  Serial#: 0
[    28.886] (II) modeset(0): Year: 2011  Week: 0
[    28.886] (II) modeset(0): EDID Version: 1.3
[    28.886] (II) modeset(0): Digital Display Input
[    28.886] (II) modeset(0): Max Image Size [cm]: horiz.: 31  vert.: 17
[    28.886] (II) modeset(0): Gamma: 2.20
[    28.886] (II) modeset(0): No DPMS capabilities specified
[    28.886] (II) modeset(0): Supported color encodings: RGB 4:4:4 YCrCb 4:4:4 
[    28.886] (II) modeset(0): First detailed timing is preferred mode
[    28.886] (II) modeset(0): redX: 0.565 redY: 0.350   greenX: 0.340 greenY: 0.565
[    28.886] (II) modeset(0): blueX: 0.155 blueY: 0.120   whiteX: 0.313 whiteY: 0.329
[    28.886] (II) modeset(0): Manufacturer's mask: 0
[    28.886] (II) modeset(0): Supported detailed timing:
[    28.886] (II) modeset(0): clock: 70.7 MHz   Image Size:  309 x 174 mm
[    28.886] (II) modeset(0): h_active: 1366  h_sync: 1414  h_sync_end 1446 h_blank_end 1486 h_border: 0
[    28.886] (II) modeset(0): v_active: 768  v_sync: 770  v_sync_end 775 v_blanking: 792 v_border: 0
[    28.886] (II) modeset(0): Unknown vendor-specific block f
[    28.886] (II) modeset(0):  SAMSUNG
[    28.886] (II) modeset(0):  LTN140AT210
[    28.886] (II) modeset(0): EDID (in hex):
[    28.886] (II) modeset(0): 	00ffffffffffff004ca3493600000000
[    28.886] (II) modeset(0): 	00150103801f11780ae3f59059579027
[    28.886] (II) modeset(0): 	1e505400000001010101010101010101
[    28.886] (II) modeset(0): 	0101010101019e1b5678500018303020
[    28.886] (II) modeset(0): 	250035ae100000190000000f00000000
[    28.886] (II) modeset(0): 	00000000001eb4027400000000fe0053
[    28.887] (II) modeset(0): 	414d53554e470a2020202020000000fe
[    28.887] (II) modeset(0): 	004c544e31343041543231300a20001c
[    28.887] (II) modeset(0): Printing probed modes for output LVDS-1
[    28.887] (II) modeset(0): Modeline "1366x768"x60.1   70.70  1366 1414 1446 1486  768 770 775 792 -hsync -vsync (47.6 kHz eP)
[    28.887] (II) modeset(0): Modeline "1280x720"x120.0  156.12  1280 1376 1512 1744  720 721 724 746 doublescan -hsync +vsync (89.5 kHz d)
[    28.887] (II) modeset(0): Modeline "1280x720"x120.0  120.75  1280 1304 1320 1360  720 721 724 740 doublescan +hsync -vsync (88.8 kHz d)
[    28.887] (II) modeset(0): Modeline "1280x720"x59.9   74.50  1280 1344 1472 1664  720 723 728 748 -hsync +vsync (44.8 kHz d)
[    28.887] (II) modeset(0): Modeline "1280x720"x59.7   63.75  1280 1328 1360 1440  720 723 728 741 +hsync -vsync (44.3 kHz d)
[    28.887] (II) modeset(0): Modeline "1024x768"x120.1  133.47  1024 1100 1212 1400  768 768 770 794 doublescan -hsync +vsync (95.3 kHz d)
[    28.887] (II) modeset(0): Modeline "1024x768"x60.0   65.00  1024 1048 1184 1344  768 771 777 806 -hsync -vsync (48.4 kHz d)
[    28.887] (II) modeset(0): Modeline "960x720"x120.0  117.00  960 1024 1128 1300  720 720 722 750 doublescan -hsync +vsync (90.0 kHz d)
[    28.887] (II) modeset(0): Modeline "928x696"x120.1  109.15  928 976 1088 1264  696 696 698 719 doublescan -hsync +vsync (86.4 kHz d)
[    28.887] (II) modeset(0): Modeline "896x672"x120.0  102.40  896 960 1060 1224  672 672 674 697 doublescan -hsync +vsync (83.7 kHz d)
[    28.887] (II) modeset(0): Modeline "1024x576"x119.9   98.50  1024 1092 1200 1376  576 577 580 597 doublescan -hsync +vsync (71.6 kHz d)
[    28.887] (II) modeset(0): Modeline "1024x576"x119.9   78.38  1024 1048 1064 1104  576 577 580 592 doublescan +hsync -vsync (71.0 kHz d)
[    28.887] (II) modeset(0): Modeline "1024x576"x59.9   46.50  1024 1064 1160 1296  576 579 584 599 -hsync +vsync (35.9 kHz d)
[    28.887] (II) modeset(0): Modeline "1024x576"x59.8   42.00  1024 1072 1104 1184  576 579 584 593 +hsync -vsync (35.5 kHz d)
[    28.887] (II) modeset(0): Modeline "960x600"x119.9   96.62  960 1028 1128 1296  600 601 604 622 doublescan -hsync +vsync (74.6 kHz d)
[    28.887] (II) modeset(0): Modeline "960x600"x120.0   77.00  960 984 1000 1040  600 601 604 617 doublescan +hsync -vsync (74.0 kHz d)
[    28.887] (II) modeset(0): Modeline "960x540"x119.9   86.50  960 1024 1124 1288  540 541 544 560 doublescan -hsync +vsync (67.2 kHz d)
[    28.887] (II) modeset(0): Modeline "960x540"x120.0   69.25  960 984 1000 1040  540 541 544 555 doublescan +hsync -vsync (66.6 kHz d)
[    28.887] (II) modeset(0): Modeline "960x540"x59.6   40.75  960 992 1088 1216  540 543 548 562 -hsync +vsync (33.5 kHz d)
[    28.887] (II) modeset(0): Modeline "960x540"x59.8   37.25  960 1008 1040 1120  540 543 548 556 +hsync -vsync (33.3 kHz d)
[    28.888] (II) modeset(0): Modeline "800x600"x120.0   81.00  800 832 928 1080  600 600 602 625 doublescan +hsync +vsync (75.0 kHz d)
[    28.888] (II) modeset(0): Modeline "800x600"x60.3   40.00  800 840 968 1056  600 601 605 628 +hsync +vsync (37.9 kHz d)
[    28.888] (II) modeset(0): Modeline "800x600"x56.2   36.00  800 824 896 1024  600 601 603 625 +hsync +vsync (35.2 kHz d)
[    28.888] (II) modeset(0): Modeline "840x525"x120.0   73.12  840 892 980 1120  525 526 529 544 doublescan -hsync +vsync (65.3 kHz d)
[    28.888] (II) modeset(0): Modeline "840x525"x119.8   59.50  840 864 880 920  525 526 529 540 doublescan +hsync -vsync (64.7 kHz d)
[    28.888] (II) modeset(0): Modeline "864x486"x59.9   32.50  864 888 968 1072  486 489 494 506 -hsync +vsync (30.3 kHz d)
[    28.888] (II) modeset(0): Modeline "864x486"x59.6   30.50  864 912 944 1024  486 489 494 500 +hsync -vsync (29.8 kHz d)
[    28.888] (II) modeset(0): Modeline "700x525"x120.0   61.00  700 744 820 940  525 526 532 541 doublescan +hsync +vsync (64.9 kHz d)
[    28.888] (II) modeset(0): Modeline "800x450"x119.9   59.12  800 848 928 1056  450 451 454 467 doublescan -hsync +vsync (56.0 kHz d)
[    28.888] (II) modeset(0): Modeline "800x450"x119.6   48.75  800 824 840 880  450 451 454 463 doublescan +hsync -vsync (55.4 kHz d)
[    28.888] (II) modeset(0): Modeline "640x512"x120.0   54.00  640 664 720 844  512 512 514 533 doublescan +hsync +vsync (64.0 kHz d)
[    28.888] (II) modeset(0): Modeline "700x450"x119.9   51.75  700 740 812 924  450 451 456 467 doublescan -hsync +vsync (56.0 kHz d)
[    28.888] (II) modeset(0): Modeline "700x450"x119.8   43.25  700 724 740 780  450 451 456 463 doublescan +hsync -vsync (55.4 kHz d)
[    28.888] (II) modeset(0): Modeline "640x480"x120.0   54.00  640 688 744 900  480 480 482 500 doublescan +hsync +vsync (60.0 kHz d)
[    28.888] (II) modeset(0): Modeline "640x480"x59.9   25.18  640 656 752 800  480 490 492 525 -hsync -vsync (31.5 kHz d)
[    28.888] (II) modeset(0): Modeline "720x405"x59.5   22.50  720 744 808 896  405 408 413 422 -hsync +vsync (25.1 kHz d)
[    28.888] (II) modeset(0): Modeline "720x405"x59.0   21.75  720 768 800 880  405 408 413 419 +hsync -vsync (24.7 kHz d)
[    28.888] (II) modeset(0): Modeline "684x384"x119.8   42.62  684 720 788 892  384 385 390 399 doublescan -hsync +vsync (47.8 kHz d)
[    28.888] (II) modeset(0): Modeline "684x384"x119.7   36.12  684 708 724 764  384 385 390 395 doublescan +hsync -vsync (47.3 kHz d)
[    28.888] (II) modeset(0): Modeline "640x400"x119.8   41.75  640 676 740 840  400 401 404 415 doublescan -hsync +vsync (49.7 kHz d)
[    28.888] (II) modeset(0): Modeline "640x400"x120.0   35.50  640 664 680 720  400 401 404 411 doublescan +hsync -vsync (49.3 kHz d)
[    28.888] (II) modeset(0): Modeline "640x360"x119.7   37.25  640 672 736 832  360 361 364 374 doublescan -hsync +vsync (44.8 kHz d)
[    28.888] (II) modeset(0): Modeline "640x360"x119.7   31.88  640 664 680 720  360 361 364 370 doublescan +hsync -vsync (44.3 kHz d)
[    28.888] (II) modeset(0): Modeline "640x360"x59.8   18.00  640 664 720 800  360 363 368 376 -hsync +vsync (22.5 kHz d)
[    28.888] (II) modeset(0): Modeline "640x360"x59.3   17.75  640 688 720 800  360 363 368 374 +hsync -vsync (22.2 kHz d)
[    28.888] (II) modeset(0): Modeline "512x384"x120.0   32.50  512 524 592 672  384 385 388 403 doublescan -hsync -vsync (48.4 kHz d)
[    28.888] (II) modeset(0): Modeline "512x288"x120.0   23.25  512 532 580 648  288 289 292 299 doublescan -hsync +vsync (35.9 kHz d)
[    28.888] (II) modeset(0): Modeline "512x288"x119.8   21.00  512 536 552 592  288 289 292 296 doublescan +hsync -vsync (35.5 kHz d)
[    28.888] (II) modeset(0): Modeline "480x270"x119.3   20.38  480 496 544 608  270 271 274 281 doublescan -hsync +vsync (33.5 kHz d)
[    28.888] (II) modeset(0): Modeline "480x270"x119.6   18.62  480 504 520 560  270 271 274 278 doublescan +hsync -vsync (33.3 kHz d)
[    28.888] (II) modeset(0): Modeline "400x300"x120.6   20.00  400 420 484 528  300 300 302 314 doublescan +hsync +vsync (37.9 kHz d)
[    28.888] (II) modeset(0): Modeline "400x300"x112.7   18.00  400 412 448 512  300 300 301 312 doublescan +hsync +vsync (35.2 kHz d)
[    28.888] (II) modeset(0): Modeline "432x243"x119.8   16.25  432 444 484 536  243 244 247 253 doublescan -hsync +vsync (30.3 kHz d)
[    28.888] (II) modeset(0): Modeline "432x243"x119.1   15.25  432 456 472 512  243 244 247 250 doublescan +hsync -vsync (29.8 kHz d)
[    28.888] (II) modeset(0): Modeline "320x240"x120.1   12.59  320 328 376 400  240 245 246 262 doublescan -hsync -vsync (31.5 kHz d)
[    28.888] (II) modeset(0): Modeline "360x202"x119.0   11.25  360 372 404 448  202 204 206 211 doublescan -hsync +vsync (25.1 kHz d)
[    28.888] (II) modeset(0): Modeline "360x202"x118.3   10.88  360 384 400 440  202 204 206 209 doublescan +hsync -vsync (24.7 kHz d)
[    28.888] (II) modeset(0): Modeline "320x180"x119.7    9.00  320 332 360 400  180 181 184 188 doublescan -hsync +vsync (22.5 kHz d)
[    28.888] (II) modeset(0): Modeline "320x180"x118.6    8.88  320 344 360 400  180 181 184 187 doublescan +hsync -vsync (22.2 kHz d)
[    28.902] (II) modeset(0): EDID for output VGA-1
[    28.902] (II) modeset(0): Manufacturer: ACR  Model: 159  Serial#: 3155655
[    28.902] (II) modeset(0): Year: 2010  Week: 3
[    28.902] (II) modeset(0): EDID Version: 1.3
[    28.902] (II) modeset(0): Analog Display Input,  Input Voltage Level: 0.700/0.300 V
[    28.902] (II) modeset(0): Sync:  Separate
[    28.902] (II) modeset(0): Max Image Size [cm]: horiz.: 41  vert.: 23
[    28.902] (II) modeset(0): Gamma: 2.20
[    28.902] (II) modeset(0): DPMS capabilities: StandBy Suspend Off; RGB/Color Display
[    28.902] (II) modeset(0): First detailed timing is preferred mode
[    28.902] (II) modeset(0): redX: 0.648 redY: 0.339   greenX: 0.292 greenY: 0.603
[    28.902] (II) modeset(0): blueX: 0.143 blueY: 0.070   whiteX: 0.313 whiteY: 0.329
[    28.902] (II) modeset(0): Supported established timings:
[    28.902] (II) modeset(0): 720x400@70Hz
[    28.902] (II) modeset(0): 640x480@60Hz
[    28.902] (II) modeset(0): 640x480@67Hz
[    28.902] (II) modeset(0): 640x480@72Hz
[    28.902] (II) modeset(0): 640x480@75Hz
[    28.902] (II) modeset(0): 800x600@56Hz
[    28.902] (II) modeset(0): 800x600@60Hz
[    28.903] (II) modeset(0): 800x600@72Hz
[    28.903] (II) modeset(0): 800x600@75Hz
[    28.903] (II) modeset(0): 832x624@75Hz
[    28.903] (II) modeset(0): 1024x768@60Hz
[    28.903] (II) modeset(0): 1024x768@70Hz
[    28.903] (II) modeset(0): 1024x768@75Hz
[    28.903] (II) modeset(0): Manufacturer's mask: 0
[    28.903] (II) modeset(0): Supported standard timings:
[    28.903] (II) modeset(0): #0: hsize: 1280  vsize 720  refresh: 60  vid: 49281
[    28.903] (II) modeset(0): #1: hsize: 1280  vsize 800  refresh: 60  vid: 129
[    28.903] (II) modeset(0): Supported detailed timing:
[    28.903] (II) modeset(0): clock: 85.5 MHz   Image Size:  410 x 230 mm
[    28.903] (II) modeset(0): h_active: 1366  h_sync: 1436  h_sync_end 1579 h_blank_end 1792 h_border: 0
[    28.903] (II) modeset(0): v_active: 768  v_sync: 771  v_sync_end 774 v_blanking: 798 v_border: 0
[    28.903] (II) modeset(0): Serial No: LM00C0074010
[    28.903] (II) modeset(0): Ranges: V min: 55 V max: 76 Hz, H min: 31 H max: 80 kHz, PixClock max 145 MHz
[    28.903] (II) modeset(0): Monitor name: X193HQL
[    28.903] (II) modeset(0): EDID (in hex):
[    28.903] (II) modeset(0): 	00ffffffffffff0004725901c7263000
[    28.903] (II) modeset(0): 	0314010308291778ea3d85a6564a9a24
[    28.903] (II) modeset(0): 	125054bfee0081c08100010101010101
[    28.903] (II) modeset(0): 	010101010101662156aa51001e30468f
[    28.903] (II) modeset(0): 	33009ae61000001c000000ff004c4d30
[    28.903] (II) modeset(0): 	3043303037343031300a000000fd0037
[    28.903] (II) modeset(0): 	4c1f500e000a202020202020000000fc
[    28.903] (II) modeset(0): 	005831393348514c0a2020202020009b
[    28.903] (II) modeset(0): Printing probed modes for output VGA-1
[    28.903] (II) modeset(0): Modeline "1366x768"x59.8   85.50  1366 1436 1579 1792  768 771 774 798 -hsync +vsync (47.7 kHz eP)
[    28.903] (II) modeset(0): Modeline "1280x800"x59.8   83.50  1280 1352 1480 1680  800 803 809 831 -hsync +vsync (49.7 kHz e)
[    28.903] (II) modeset(0): Modeline "1280x720"x60.0   74.25  1280 1390 1430 1650  720 725 730 750 +hsync +vsync (45.0 kHz e)
[    28.903] (II) modeset(0): Modeline "1024x768"x75.0   78.75  1024 1040 1136 1312  768 769 772 800 +hsync +vsync (60.0 kHz e)
[    28.903] (II) modeset(0): Modeline "1024x768"x70.1   75.00  1024 1048 1184 1328  768 771 777 806 -hsync -vsync (56.5 kHz e)
[    28.903] (II) modeset(0): Modeline "1024x768"x60.0   65.00  1024 1048 1184 1344  768 771 777 806 -hsync -vsync (48.4 kHz e)
[    28.903] (II) modeset(0): Modeline "832x624"x74.6   57.28  832 864 928 1152  624 625 628 667 -hsync -vsync (49.7 kHz e)
[    28.903] (II) modeset(0): Modeline "800x600"x72.2   50.00  800 856 976 1040  600 637 643 666 +hsync +vsync (48.1 kHz e)
[    28.903] (II) modeset(0): Modeline "800x600"x75.0   49.50  800 816 896 1056  600 601 604 625 +hsync +vsync (46.9 kHz e)
[    28.903] (II) modeset(0): Modeline "800x600"x60.3   40.00  800 840 968 1056  600 601 605 628 +hsync +vsync (37.9 kHz e)
[    28.903] (II) modeset(0): Modeline "800x600"x56.2   36.00  800 824 896 1024  600 601 603 625 +hsync +vsync (35.2 kHz e)
[    28.903] (II) modeset(0): Modeline "640x480"x75.0   31.50  640 656 720 840  480 481 484 500 -hsync -vsync (37.5 kHz e)
[    28.903] (II) modeset(0): Modeline "640x480"x72.8   31.50  640 664 704 832  480 489 492 520 -hsync -vsync (37.9 kHz e)
[    28.903] (II) modeset(0): Modeline "640x480"x66.7   30.24  640 704 768 864  480 483 486 525 -hsync -vsync (35.0 kHz e)
[    28.903] (II) modeset(0): Modeline "640x480"x59.9   25.18  640 656 752 800  480 490 492 525 -hsync -vsync (31.5 kHz e)
[    28.903] (II) modeset(0): Modeline "720x400"x70.1   28.32  720 738 846 900  400 412 414 449 -hsync +vsync (31.5 kHz e)
[    28.905] (II) modeset(0): EDID for output HDMI-1
[    28.905] (II) modeset(0): EDID for output DP-1
[    28.905] (II) modeset(0): Output LVDS-1 connected
[    28.905] (II) modeset(0): Output VGA-1 connected
[    28.905] (II) modeset(0): Output HDMI-1 disconnected
[    28.905] (II) modeset(0): Output DP-1 disconnected
[    28.905] (II) modeset(0): Using spanning desktop for initial modes
[    28.905] (II) modeset(0): Output LVDS-1 using initial mode 1366x768 +0+0
[    28.905] (II) modeset(0): Output VGA-1 using initial mode 1366x768 +1366+0
[    28.905] (==) modeset(0): Using gamma correction (1.0, 1.0, 1.0)
[    28.905] (==) modeset(0): DPI set to (96, 96)
[    28.905] (II) Loading sub module "fb"
[    28.905] (II) LoadModule: "fb"
[    28.905] (II) Loading /usr/lib/xorg/modules/libfb.so
[    28.907] (II) Module fb: vendor="X.Org Foundation"
[    28.907] 	compiled for 1.20.8, module version = 1.0.0
[    28.907] 	ABI class: X.Org ANSI C Emulation, version 0.4
[    28.907] (==) modeset(G0): Depth 24, (==) framebuffer bpp 32
[    28.907] (==) modeset(G0): RGB weight 888
[    28.907] (==) modeset(G0): Default visual is TrueColor
[    28.907] (II) Loading sub module "glamoregl"
[    28.907] (II) LoadModule: "glamoregl"
[    28.907] (II) Loading /usr/lib/xorg/modules/libglamoregl.so
[    28.907] (II) Module glamoregl: vendor="X.Org Foundation"
[    28.907] 	compiled for 1.20.8, module version = 1.0.1
[    28.907] 	ABI class: X.Org ANSI C Emulation, version 0.4
[    29.300] (II) modeset(G0): glamor X acceleration enabled on NVD9
[    29.300] (II) modeset(G0): glamor initialized
[    29.311] (II) modeset(G0): Output VGA-1-2 has no monitor section
[    29.322] (II) modeset(G0): EDID for output VGA-1-2
[    29.322] (II) modeset(G0): Printing probed modes for output VGA-1-2
[    29.322] (II) modeset(G0): Modeline "1024x768"x120.1  133.47  1024 1100 1212 1400  768 768 770 794 doublescan -hsync +vsync (95.3 kHz d)
[    29.322] (II) modeset(G0): Modeline "1024x768"x60.0   65.00  1024 1048 1184 1344  768 771 777 806 -hsync -vsync (48.4 kHz e)
[    29.322] (II) modeset(G0): Modeline "960x720"x120.0  117.00  960 1024 1128 1300  720 720 722 750 doublescan -hsync +vsync (90.0 kHz d)
[    29.322] (II) modeset(G0): Modeline "928x696"x120.1  109.15  928 976 1088 1264  696 696 698 719 doublescan -hsync +vsync (86.4 kHz d)
[    29.322] (II) modeset(G0): Modeline "896x672"x120.0  102.40  896 960 1060 1224  672 672 674 697 doublescan -hsync +vsync (83.7 kHz d)
[    29.322] (II) modeset(G0): Modeline "1024x576"x119.9   98.50  1024 1092 1200 1376  576 577 580 597 doublescan -hsync +vsync (71.6 kHz d)
[    29.322] (II) modeset(G0): Modeline "1024x576"x119.9   78.38  1024 1048 1064 1104  576 577 580 592 doublescan +hsync -vsync (71.0 kHz d)
[    29.322] (II) modeset(G0): Modeline "1024x576"x59.9   46.50  1024 1064 1160 1296  576 579 584 599 -hsync +vsync (35.9 kHz d)
[    29.322] (II) modeset(G0): Modeline "1024x576"x59.8   42.00  1024 1072 1104 1184  576 579 584 593 +hsync -vsync (35.5 kHz d)
[    29.322] (II) modeset(G0): Modeline "960x600"x119.9   96.62  960 1028 1128 1296  600 601 604 622 doublescan -hsync +vsync (74.6 kHz d)
[    29.322] (II) modeset(G0): Modeline "960x600"x120.0   77.00  960 984 1000 1040  600 601 604 617 doublescan +hsync -vsync (74.0 kHz d)
[    29.322] (II) modeset(G0): Modeline "960x540"x119.9   86.50  960 1024 1124 1288  540 541 544 560 doublescan -hsync +vsync (67.2 kHz d)
[    29.322] (II) modeset(G0): Modeline "960x540"x120.0   69.25  960 984 1000 1040  540 541 544 555 doublescan +hsync -vsync (66.6 kHz d)
[    29.322] (II) modeset(G0): Modeline "960x540"x59.6   40.75  960 992 1088 1216  540 543 548 562 -hsync +vsync (33.5 kHz d)
[    29.322] (II) modeset(G0): Modeline "960x540"x59.8   37.25  960 1008 1040 1120  540 543 548 556 +hsync -vsync (33.3 kHz d)
[    29.322] (II) modeset(G0): Modeline "800x600"x120.0   81.00  800 832 928 1080  600 600 602 625 doublescan +hsync +vsync (75.0 kHz d)
[    29.322] (II) modeset(G0): Modeline "800x600"x60.3   40.00  800 840 968 1056  600 601 605 628 +hsync +vsync (37.9 kHz e)
[    29.322] (II) modeset(G0): Modeline "800x600"x56.2   36.00  800 824 896 1024  600 601 603 625 +hsync +vsync (35.2 kHz e)
[    29.322] (II) modeset(G0): Modeline "840x525"x120.0   73.12  840 892 980 1120  525 526 529 544 doublescan -hsync +vsync (65.3 kHz d)
[    29.322] (II) modeset(G0): Modeline "840x525"x119.8   59.50  840 864 880 920  525 526 529 540 doublescan +hsync -vsync (64.7 kHz d)
[    29.322] (II) modeset(G0): Modeline "864x486"x59.9   32.50  864 888 968 1072  486 489 494 506 -hsync +vsync (30.3 kHz d)
[    29.322] (II) modeset(G0): Modeline "864x486"x59.6   30.50  864 912 944 1024  486 489 494 500 +hsync -vsync (29.8 kHz d)
[    29.322] (II) modeset(G0): Modeline "848x480"x60.0   33.75  848 864 976 1088  480 486 494 517 +hsync +vsync (31.0 kHz e)
[    29.322] (II) modeset(G0): Modeline "700x525"x120.0   61.00  700 744 820 940  525 526 532 541 doublescan +hsync +vsync (64.9 kHz d)
[    29.322] (II) modeset(G0): Modeline "800x450"x119.9   59.12  800 848 928 1056  450 451 454 467 doublescan -hsync +vsync (56.0 kHz d)
[    29.322] (II) modeset(G0): Modeline "800x450"x119.6   48.75  800 824 840 880  450 451 454 463 doublescan +hsync -vsync (55.4 kHz d)
[    29.322] (II) modeset(G0): Modeline "640x512"x120.0   54.00  640 664 720 844  512 512 514 533 doublescan +hsync +vsync (64.0 kHz d)
[    29.322] (II) modeset(G0): Modeline "700x450"x119.9   51.75  700 740 812 924  450 451 456 467 doublescan -hsync +vsync (56.0 kHz d)
[    29.322] (II) modeset(G0): Modeline "700x450"x119.8   43.25  700 724 740 780  450 451 456 463 doublescan +hsync -vsync (55.4 kHz d)
[    29.322] (II) modeset(G0): Modeline "640x480"x120.0   54.00  640 688 744 900  480 480 482 500 doublescan +hsync +vsync (60.0 kHz d)
[    29.322] (II) modeset(G0): Modeline "640x480"x59.9   25.18  640 656 752 800  480 490 492 525 -hsync -vsync (31.5 kHz e)
[    29.322] (II) modeset(G0): Modeline "720x405"x59.5   22.50  720 744 808 896  405 408 413 422 -hsync +vsync (25.1 kHz d)
[    29.322] (II) modeset(G0): Modeline "720x405"x59.0   21.75  720 768 800 880  405 408 413 419 +hsync -vsync (24.7 kHz d)
[    29.322] (II) modeset(G0): Modeline "684x384"x119.8   42.62  684 720 788 892  384 385 390 399 doublescan -hsync +vsync (47.8 kHz d)
[    29.322] (II) modeset(G0): Modeline "684x384"x119.7   36.12  684 708 724 764  384 385 390 395 doublescan +hsync -vsync (47.3 kHz d)
[    29.322] (II) modeset(G0): Modeline "640x400"x119.8   41.75  640 676 740 840  400 401 404 415 doublescan -hsync +vsync (49.7 kHz d)
[    29.322] (II) modeset(G0): Modeline "640x400"x120.0   35.50  640 664 680 720  400 401 404 411 doublescan +hsync -vsync (49.3 kHz d)
[    29.322] (II) modeset(G0): Modeline "640x360"x119.7   37.25  640 672 736 832  360 361 364 374 doublescan -hsync +vsync (44.8 kHz d)
[    29.322] (II) modeset(G0): Modeline "640x360"x119.7   31.88  640 664 680 720  360 361 364 370 doublescan +hsync -vsync (44.3 kHz d)
[    29.322] (II) modeset(G0): Modeline "640x360"x59.8   18.00  640 664 720 800  360 363 368 376 -hsync +vsync (22.5 kHz d)
[    29.322] (II) modeset(G0): Modeline "640x360"x59.3   17.75  640 688 720 800  360 363 368 374 +hsync -vsync (22.2 kHz d)
[    29.322] (II) modeset(G0): Modeline "512x384"x120.0   32.50  512 524 592 672  384 385 388 403 doublescan -hsync -vsync (48.4 kHz d)
[    29.322] (II) modeset(G0): Modeline "512x288"x120.0   23.25  512 532 580 648  288 289 292 299 doublescan -hsync +vsync (35.9 kHz d)
[    29.322] (II) modeset(G0): Modeline "512x288"x119.8   21.00  512 536 552 592  288 289 292 296 doublescan +hsync -vsync (35.5 kHz d)
[    29.322] (II) modeset(G0): Modeline "480x270"x119.3   20.38  480 496 544 608  270 271 274 281 doublescan -hsync +vsync (33.5 kHz d)
[    29.322] (II) modeset(G0): Modeline "480x270"x119.6   18.62  480 504 520 560  270 271 274 278 doublescan +hsync -vsync (33.3 kHz d)
[    29.322] (II) modeset(G0): Modeline "400x300"x120.6   20.00  400 420 484 528  300 300 302 314 doublescan +hsync +vsync (37.9 kHz d)
[    29.322] (II) modeset(G0): Modeline "400x300"x112.7   18.00  400 412 448 512  300 300 301 312 doublescan +hsync +vsync (35.2 kHz d)
[    29.322] (II) modeset(G0): Modeline "432x243"x119.8   16.25  432 444 484 536  243 244 247 253 doublescan -hsync +vsync (30.3 kHz d)
[    29.322] (II) modeset(G0): Modeline "432x243"x119.1   15.25  432 456 472 512  243 244 247 250 doublescan +hsync -vsync (29.8 kHz d)
[    29.322] (II) modeset(G0): Modeline "320x240"x120.1   12.59  320 328 376 400  240 245 246 262 doublescan -hsync -vsync (31.5 kHz d)
[    29.322] (II) modeset(G0): Modeline "360x202"x119.0   11.25  360 372 404 448  202 204 206 211 doublescan -hsync +vsync (25.1 kHz d)
[    29.322] (II) modeset(G0): Modeline "360x202"x118.3   10.88  360 384 400 440  202 204 206 209 doublescan +hsync -vsync (24.7 kHz d)
[    29.322] (II) modeset(G0): Modeline "320x180"x119.7    9.00  320 332 360 400  180 181 184 188 doublescan -hsync +vsync (22.5 kHz d)
[    29.322] (II) modeset(G0): Modeline "320x180"x118.6    8.88  320 344 360 400  180 181 184 187 doublescan +hsync -vsync (22.2 kHz d)
[    29.322] (==) modeset(G0): Using gamma correction (1.0, 1.0, 1.0)
[    29.322] (==) modeset(G0): DPI set to (96, 96)
[    29.322] (II) Loading sub module "fb"
[    29.322] (II) LoadModule: "fb"
[    29.323] (II) Loading /usr/lib/xorg/modules/libfb.so
[    29.323] (II) Module fb: vendor="X.Org Foundation"
[    29.323] 	compiled for 1.20.8, module version = 1.0.0
[    29.323] 	ABI class: X.Org ANSI C Emulation, version 0.4
[    29.346] (==) modeset(0): Backing store enabled
[    29.346] (==) modeset(0): Silken mouse disabled
[    29.384] (II) modeset(0): Initializing kms color map for depth 24, 8 bpc.
[    29.384] (==) modeset(0): DPMS enabled
[    29.385] (II) modeset(0): [DRI2] Setup complete
[    29.385] (II) modeset(0): [DRI2]   DRI driver: i965
[    29.385] (II) modeset(0): [DRI2]   VDPAU driver: va_gl
[    29.417] (==) modeset(G0): Backing store enabled
[    29.417] (==) modeset(G0): Silken mouse disabled
[    29.417] (II) modeset(G0): Initializing kms color map for depth 24, 8 bpc.
[    29.417] (==) modeset(G0): DPMS enabled
[    29.417] (II) modeset(G0): [DRI2] Setup complete
[    29.417] (II) modeset(G0): [DRI2]   DRI driver: nouveau
[    29.417] (II) modeset(G0): [DRI2]   VDPAU driver: nouveau
[    29.417] (II) Initializing extension Generic Event Extension
[    29.417] (II) Initializing extension SHAPE
[    29.417] (II) Initializing extension MIT-SHM
[    29.417] (II) Initializing extension XInputExtension
[    29.417] (II) Initializing extension XTEST
[    29.417] (II) Initializing extension BIG-REQUESTS
[    29.418] (II) Initializing extension SYNC
[    29.418] (II) Initializing extension XKEYBOARD
[    29.418] (II) Initializing extension XC-MISC
[    29.418] (II) Initializing extension SECURITY
[    29.418] (II) Initializing extension XFIXES
[    29.418] (II) Initializing extension RENDER
[    29.418] (II) Initializing extension RANDR
[    29.418] (II) Initializing extension COMPOSITE
[    29.418] (II) Initializing extension DAMAGE
[    29.418] (II) Initializing extension MIT-SCREEN-SAVER
[    29.418] (II) Initializing extension DOUBLE-BUFFER
[    29.418] (II) Initializing extension RECORD
[    29.418] (II) Initializing extension DPMS
[    29.418] (II) Initializing extension Present
[    29.418] (II) Initializing extension DRI3
[    29.418] (II) Initializing extension X-Resource
[    29.418] (II) Initializing extension XVideo
[    29.418] (II) Initializing extension XVideo-MotionCompensation
[    29.418] (II) Initializing extension GLX
[    29.427] (II) AIGLX: Loaded and initialized i965
[    29.427] (II) GLX: Initialized DRI2 GL provider for screen 0
[    29.427] (II) Initializing extension XFree86-VidModeExtension
[    29.427] (II) Initializing extension XFree86-DGA
[    29.427] (II) Initializing extension XFree86-DRI
[    29.427] (II) Initializing extension DRI2
[    29.431] (II) modeset(G0): Damage tracking initialized
[    29.449] (II) modeset(0): Damage tracking initialized
[    29.449] (II) modeset(0): Setting screen physical size to 722 x 203
[    29.527] (II) config/udev: Adding input device Power Button (/dev/input/event2)
[    29.527] (**) Power Button: Applying InputClass "libinput keyboard catchall"
[    29.527] (II) LoadModule: "libinput"
[    29.527] (II) Loading /usr/lib/xorg/modules/input/libinput_drv.so
[    29.533] (II) Module libinput: vendor="X.Org Foundation"
[    29.533] 	compiled for 1.20.7, module version = 0.29.0
[    29.533] 	Module class: X.Org XInput Driver
[    29.533] 	ABI class: X.Org XInput driver, version 24.1
[    29.533] (II) Using input driver 'libinput' for 'Power Button'
[    29.534] (II) systemd-logind: got fd for /dev/input/event2 13:66 fd 19 paused 0
[    29.534] (**) Power Button: always reports core events
[    29.534] (**) Option "Device" "/dev/input/event2"
[    29.534] (**) Option "_source" "server/udev"
[    29.551] (II) event2  - Power Button: is tagged by udev as: Keyboard
[    29.551] (II) event2  - Power Button: device is a keyboard
[    29.551] (II) event2  - Power Button: device removed
[    29.551] (**) Option "config_info" "udev:/sys/devices/LNXSYSTM:00/LNXPWRBN:00/input/input2/event2"
[    29.551] (II) XINPUT: Adding extended input device "Power Button" (type: KEYBOARD, id 6)
[    29.553] (II) event2  - Power Button: is tagged by udev as: Keyboard
[    29.553] (II) event2  - Power Button: device is a keyboard
[    29.554] (II) config/udev: Adding input device Video Bus (/dev/input/event11)
[    29.555] (**) Video Bus: Applying InputClass "libinput keyboard catchall"
[    29.555] (II) Using input driver 'libinput' for 'Video Bus'
[    29.556] (II) systemd-logind: got fd for /dev/input/event11 13:75 fd 22 paused 0
[    29.556] (**) Video Bus: always reports core events
[    29.556] (**) Option "Device" "/dev/input/event11"
[    29.556] (**) Option "_source" "server/udev"
[    29.557] (II) event11 - Video Bus: is tagged by udev as: Keyboard
[    29.557] (II) event11 - Video Bus: device is a keyboard
[    29.558] (II) event11 - Video Bus: device removed
[    29.558] (**) Option "config_info" "udev:/sys/devices/LNXSYSTM:00/LNXSYBUS:00/PNP0A08:00/LNXVIDEO:01/input/input15/event11"
[    29.558] (II) XINPUT: Adding extended input device "Video Bus" (type: KEYBOARD, id 7)
[    29.559] (II) event11 - Video Bus: is tagged by udev as: Keyboard
[    29.559] (II) event11 - Video Bus: device is a keyboard
[    29.560] (II) config/udev: Adding input device Video Bus (/dev/input/event7)
[    29.560] (**) Video Bus: Applying InputClass "libinput keyboard catchall"
[    29.560] (II) Using input driver 'libinput' for 'Video Bus'
[    29.561] (II) systemd-logind: got fd for /dev/input/event7 13:71 fd 23 paused 0
[    29.562] (**) Video Bus: always reports core events
[    29.562] (**) Option "Device" "/dev/input/event7"
[    29.562] (**) Option "_source" "server/udev"
[    29.565] (II) event7  - Video Bus: is tagged by udev as: Keyboard
[    29.565] (II) event7  - Video Bus: device is a keyboard
[    29.566] (II) event7  - Video Bus: device removed
[    29.566] (**) Option "config_info" "udev:/sys/devices/LNXSYSTM:00/LNXSYBUS:00/PNP0A08:00/device:2b/LNXVIDEO:00/input/input9/event7"
[    29.566] (II) XINPUT: Adding extended input device "Video Bus" (type: KEYBOARD, id 8)
[    29.569] (II) event7  - Video Bus: is tagged by udev as: Keyboard
[    29.569] (II) event7  - Video Bus: device is a keyboard
[    29.570] (II) config/udev: Adding input device Power Button (/dev/input/event1)
[    29.570] (**) Power Button: Applying InputClass "libinput keyboard catchall"
[    29.570] (II) Using input driver 'libinput' for 'Power Button'
[    29.571] (II) systemd-logind: got fd for /dev/input/event1 13:65 fd 24 paused 0
[    29.571] (**) Power Button: always reports core events
[    29.571] (**) Option "Device" "/dev/input/event1"
[    29.571] (**) Option "_source" "server/udev"
[    29.573] (II) event1  - Power Button: is tagged by udev as: Keyboard
[    29.573] (II) event1  - Power Button: device is a keyboard
[    29.573] (II) event1  - Power Button: device removed
[    29.573] (**) Option "config_info" "udev:/sys/devices/LNXSYSTM:00/LNXSYBUS:00/PNP0C0C:00/input/input1/event1"
[    29.573] (II) XINPUT: Adding extended input device "Power Button" (type: KEYBOARD, id 9)
[    29.575] (II) event1  - Power Button: is tagged by udev as: Keyboard
[    29.575] (II) event1  - Power Button: device is a keyboard
[    29.576] (II) config/udev: Adding input device Lid Switch (/dev/input/event0)
[    29.576] (II) No input driver specified, ignoring this device.
[    29.576] (II) This device may have been added with another device file.
[    29.578] (II) config/udev: Adding input device WebCam SC-0311139N (/dev/input/event5)
[    29.578] (**) WebCam SC-0311139N: Applying InputClass "libinput keyboard catchall"
[    29.579] (II) Using input driver 'libinput' for 'WebCam SC-0311139N'
[    29.580] (II) systemd-logind: got fd for /dev/input/event5 13:69 fd 25 paused 0
[    29.580] (**) WebCam SC-0311139N: always reports core events
[    29.580] (**) Option "Device" "/dev/input/event5"
[    29.580] (**) Option "_source" "server/udev"
[    29.583] (II) event5  - WebCam SC-0311139N: is tagged by udev as: Keyboard
[    29.583] (II) event5  - WebCam SC-0311139N: device is a keyboard
[    29.583] (II) event5  - WebCam SC-0311139N: device removed
[    29.583] (**) Option "config_info" "udev:/sys/devices/pci0000:00/0000:00:1a.0/usb1/1-1/1-1.4/1-1.4:1.0/input/input7/event5"
[    29.583] (II) XINPUT: Adding extended input device "WebCam SC-0311139N" (type: KEYBOARD, id 10)
[    29.584] (II) event5  - WebCam SC-0311139N: is tagged by udev as: Keyboard
[    29.584] (II) event5  - WebCam SC-0311139N: device is a keyboard
[    29.585] (II) config/udev: Adding input device HDA Intel PCH Mic (/dev/input/event9)
[    29.585] (II) No input driver specified, ignoring this device.
[    29.585] (II) This device may have been added with another device file.
[    29.585] (II) config/udev: Adding input device HDA Intel PCH Headphone (/dev/input/event10)
[    29.585] (II) No input driver specified, ignoring this device.
[    29.585] (II) This device may have been added with another device file.
[    29.585] (II) config/udev: Adding input device HDA Intel PCH HDMI/DP,pcm=3 (/dev/input/event12)
[    29.585] (II) No input driver specified, ignoring this device.
[    29.585] (II) This device may have been added with another device file.
[    29.586] (II) config/udev: Adding input device Logitech Wireless Mouse (/dev/input/event6)
[    29.586] (**) Logitech Wireless Mouse: Applying InputClass "libinput pointer catchall"
[    29.586] (II) Using input driver 'libinput' for 'Logitech Wireless Mouse'
[    29.587] (II) systemd-logind: got fd for /dev/input/event6 13:70 fd 26 paused 0
[    29.587] (**) Logitech Wireless Mouse: always reports core events
[    29.587] (**) Option "Device" "/dev/input/event6"
[    29.587] (**) Option "_source" "server/udev"
[    29.589] (II) event6  - Logitech Wireless Mouse: is tagged by udev as: Mouse
[    29.589] (II) event6  - Logitech Wireless Mouse: device is a pointer
[    29.589] (II) event6  - Logitech Wireless Mouse: device removed
[    29.589] (**) Option "config_info" "udev:/sys/devices/pci0000:00/0000:00:1d.0/usb2/2-1/2-1.5/2-1.5:1.1/0003:046D:C534.0002/0003:046D:4054.0003/input/input20/event6"
[    29.589] (II) XINPUT: Adding extended input device "Logitech Wireless Mouse" (type: MOUSE, id 11)
[    29.589] (**) Option "AccelerationScheme" "none"
[    29.589] (**) Logitech Wireless Mouse: (accel) selected scheme none/0
[    29.589] (**) Logitech Wireless Mouse: (accel) acceleration factor: 2.000
[    29.589] (**) Logitech Wireless Mouse: (accel) acceleration threshold: 4
[    29.591] (II) event6  - Logitech Wireless Mouse: is tagged by udev as: Mouse
[    29.591] (II) event6  - Logitech Wireless Mouse: device is a pointer
[    29.592] (II) config/udev: Adding input device Logitech Wireless Mouse (/dev/input/mouse0)
[    29.592] (II) No input driver specified, ignoring this device.
[    29.592] (II) This device may have been added with another device file.
[    29.593] (II) config/udev: Adding input device AT Translated Set 2 keyboard (/dev/input/event3)
[    29.593] (**) AT Translated Set 2 keyboard: Applying InputClass "libinput keyboard catchall"
[    29.593] (II) Using input driver 'libinput' for 'AT Translated Set 2 keyboard'
[    29.594] (II) systemd-logind: got fd for /dev/input/event3 13:67 fd 27 paused 0
[    29.594] (**) AT Translated Set 2 keyboard: always reports core events
[    29.594] (**) Option "Device" "/dev/input/event3"
[    29.594] (**) Option "_source" "server/udev"
[    29.595] (II) event3  - AT Translated Set 2 keyboard: is tagged by udev as: Keyboard
[    29.595] (II) event3  - AT Translated Set 2 keyboard: device is a keyboard
[    29.595] (II) event3  - AT Translated Set 2 keyboard: device removed
[    29.595] (**) Option "config_info" "udev:/sys/devices/platform/i8042/serio0/input/input3/event3"
[    29.595] (II) XINPUT: Adding extended input device "AT Translated Set 2 keyboard" (type: KEYBOARD, id 12)
[    29.597] (II) event3  - AT Translated Set 2 keyboard: is tagged by udev as: Keyboard
[    29.597] (II) event3  - AT Translated Set 2 keyboard: device is a keyboard
[    29.598] (II) config/udev: Adding input device ETPS/2 Elantech Touchpad (/dev/input/event8)
[    29.598] (**) ETPS/2 Elantech Touchpad: Applying InputClass "libinput touchpad catchall"
[    29.598] (**) ETPS/2 Elantech Touchpad: Applying InputClass "touchpad catchall"
[    29.598] (**) ETPS/2 Elantech Touchpad: Applying InputClass "Default clickpad buttons"
[    29.598] (II) LoadModule: "synaptics"
[    29.598] (II) Loading /usr/lib/xorg/modules/input/synaptics_drv.so
[    29.599] (II) Module synaptics: vendor="X.Org Foundation"
[    29.599] 	compiled for 1.20.0, module version = 1.9.1
[    29.599] 	Module class: X.Org XInput Driver
[    29.599] 	ABI class: X.Org XInput driver, version 24.1
[    29.599] (II) Using input driver 'synaptics' for 'ETPS/2 Elantech Touchpad'
[    29.600] (II) systemd-logind: got fd for /dev/input/event8 13:72 fd 28 paused 0
[    29.600] (**) ETPS/2 Elantech Touchpad: always reports core events
[    29.600] (**) Option "Device" "/dev/input/event8"
[    29.600] (II) synaptics: ETPS/2 Elantech Touchpad: ignoring touch events for semi-multitouch device
[    29.600] (--) synaptics: ETPS/2 Elantech Touchpad: x-axis range 0 - 1240 (res 31)
[    29.600] (--) synaptics: ETPS/2 Elantech Touchpad: y-axis range 0 - 558 (res 31)
[    29.600] (--) synaptics: ETPS/2 Elantech Touchpad: pressure range 0 - 255
[    29.600] (--) synaptics: ETPS/2 Elantech Touchpad: finger width range 0 - 15
[    29.600] (--) synaptics: ETPS/2 Elantech Touchpad: buttons: left right double triple
[    29.600] (--) synaptics: ETPS/2 Elantech Touchpad: Vendor 0x2 Product 0xe
[    29.600] (--) synaptics: ETPS/2 Elantech Touchpad: touchpad found
[    29.600] (**) ETPS/2 Elantech Touchpad: always reports core events
[    29.600] (**) Option "config_info" "udev:/sys/devices/platform/i8042/serio1/input/input6/event8"
[    29.600] (II) XINPUT: Adding extended input device "ETPS/2 Elantech Touchpad" (type: TOUCHPAD, id 13)
[    29.600] (**) synaptics: ETPS/2 Elantech Touchpad: (accel) MinSpeed is now constant deceleration 2.5
[    29.600] (**) synaptics: ETPS/2 Elantech Touchpad: (accel) MaxSpeed is now 1.75
[    29.600] (**) synaptics: ETPS/2 Elantech Touchpad: (accel) AccelFactor is now 0.147
[    29.600] (**) ETPS/2 Elantech Touchpad: (accel) keeping acceleration scheme 1
[    29.600] (**) ETPS/2 Elantech Touchpad: (accel) acceleration profile 1
[    29.600] (**) ETPS/2 Elantech Touchpad: (accel) acceleration factor: 2.000
[    29.600] (**) ETPS/2 Elantech Touchpad: (accel) acceleration threshold: 4
[    29.601] (--) synaptics: ETPS/2 Elantech Touchpad: touchpad found
[    29.601] (II) config/udev: Adding input device ETPS/2 Elantech Touchpad (/dev/input/mouse1)
[    29.601] (**) ETPS/2 Elantech Touchpad: Ignoring device from InputClass "touchpad ignore duplicates"
[    29.601] (II) config/udev: Adding input device PC Speaker (/dev/input/event4)
[    29.601] (II) No input driver specified, ignoring this device.
[    29.601] (II) This device may have been added with another device file.
[    29.794] (II) modeset(0): EDID vendor "ACR", prod id 345
[    29.794] (II) modeset(0): Using EDID range info for horizontal sync
[    29.794] (II) modeset(0): Using EDID range info for vertical refresh
[    29.794] (II) modeset(0): Printing DDC gathered Modelines:
[    29.794] (II) modeset(0): Modeline "1366x768"x0.0   85.50  1366 1436 1579 1792  768 771 774 798 -hsync +vsync (47.7 kHz eP)
[    29.794] (II) modeset(0): Modeline "800x600"x0.0   40.00  800 840 968 1056  600 601 605 628 +hsync +vsync (37.9 kHz e)
[    29.794] (II) modeset(0): Modeline "800x600"x0.0   36.00  800 824 896 1024  600 601 603 625 +hsync +vsync (35.2 kHz e)
[    29.794] (II) modeset(0): Modeline "640x480"x0.0   31.50  640 656 720 840  480 481 484 500 -hsync -vsync (37.5 kHz e)
[    29.794] (II) modeset(0): Modeline "640x480"x0.0   31.50  640 664 704 832  480 489 492 520 -hsync -vsync (37.9 kHz e)
[    29.794] (II) modeset(0): Modeline "640x480"x0.0   30.24  640 704 768 864  480 483 486 525 -hsync -vsync (35.0 kHz e)
[    29.794] (II) modeset(0): Modeline "640x480"x0.0   25.18  640 656 752 800  480 490 492 525 -hsync -vsync (31.5 kHz e)
[    29.794] (II) modeset(0): Modeline "720x400"x0.0   28.32  720 738 846 900  400 412 414 449 -hsync +vsync (31.5 kHz e)
[    29.794] (II) modeset(0): Modeline "1024x768"x0.0   78.75  1024 1040 1136 1312  768 769 772 800 +hsync +vsync (60.0 kHz e)
[    29.794] (II) modeset(0): Modeline "1024x768"x0.0   75.00  1024 1048 1184 1328  768 771 777 806 -hsync -vsync (56.5 kHz e)
[    29.794] (II) modeset(0): Modeline "1024x768"x0.0   65.00  1024 1048 1184 1344  768 771 777 806 -hsync -vsync (48.4 kHz e)
[    29.794] (II) modeset(0): Modeline "832x624"x0.0   57.28  832 864 928 1152  624 625 628 667 -hsync -vsync (49.7 kHz e)
[    29.794] (II) modeset(0): Modeline "800x600"x0.0   49.50  800 816 896 1056  600 601 604 625 +hsync +vsync (46.9 kHz e)
[    29.794] (II) modeset(0): Modeline "800x600"x0.0   50.00  800 856 976 1040  600 637 643 666 +hsync +vsync (48.1 kHz e)
[    29.794] (II) modeset(0): Modeline "1280x720"x60.0   74.48  1280 1336 1472 1664  720 721 724 746 -hsync +vsync (44.8 kHz e)
[    29.794] (II) modeset(0): Modeline "1280x800"x0.0   83.50  1280 1352 1480 1680  800 803 809 831 -hsync +vsync (49.7 kHz e)
[    29.810] (II) modeset(0): EDID vendor "ACR", prod id 345
[    29.811] (II) modeset(0): Using hsync ranges from config file
[    29.811] (II) modeset(0): Using vrefresh ranges from config file
[    29.811] (II) modeset(0): Printing DDC gathered Modelines:
[    29.811] (II) modeset(0): Modeline "1366x768"x0.0   85.50  1366 1436 1579 1792  768 771 774 798 -hsync +vsync (47.7 kHz eP)
[    29.811] (II) modeset(0): Modeline "800x600"x0.0   40.00  800 840 968 1056  600 601 605 628 +hsync +vsync (37.9 kHz e)
[    29.811] (II) modeset(0): Modeline "800x600"x0.0   36.00  800 824 896 1024  600 601 603 625 +hsync +vsync (35.2 kHz e)
[    29.811] (II) modeset(0): Modeline "640x480"x0.0   31.50  640 656 720 840  480 481 484 500 -hsync -vsync (37.5 kHz e)
[    29.811] (II) modeset(0): Modeline "640x480"x0.0   31.50  640 664 704 832  480 489 492 520 -hsync -vsync (37.9 kHz e)
[    29.811] (II) modeset(0): Modeline "640x480"x0.0   30.24  640 704 768 864  480 483 486 525 -hsync -vsync (35.0 kHz e)
[    29.811] (II) modeset(0): Modeline "640x480"x0.0   25.18  640 656 752 800  480 490 492 525 -hsync -vsync (31.5 kHz e)
[    29.811] (II) modeset(0): Modeline "720x400"x0.0   28.32  720 738 846 900  400 412 414 449 -hsync +vsync (31.5 kHz e)
[    29.811] (II) modeset(0): Modeline "1024x768"x0.0   78.75  1024 1040 1136 1312  768 769 772 800 +hsync +vsync (60.0 kHz e)
[    29.811] (II) modeset(0): Modeline "1024x768"x0.0   75.00  1024 1048 1184 1328  768 771 777 806 -hsync -vsync (56.5 kHz e)
[    29.811] (II) modeset(0): Modeline "1024x768"x0.0   65.00  1024 1048 1184 1344  768 771 777 806 -hsync -vsync (48.4 kHz e)
[    29.811] (II) modeset(0): Modeline "832x624"x0.0   57.28  832 864 928 1152  624 625 628 667 -hsync -vsync (49.7 kHz e)
[    29.811] (II) modeset(0): Modeline "800x600"x0.0   49.50  800 816 896 1056  600 601 604 625 +hsync +vsync (46.9 kHz e)
[    29.811] (II) modeset(0): Modeline "800x600"x0.0   50.00  800 856 976 1040  600 637 643 666 +hsync +vsync (48.1 kHz e)
[    29.811] (II) modeset(0): Modeline "1280x720"x60.0   74.48  1280 1336 1472 1664  720 721 724 746 -hsync +vsync (44.8 kHz e)
[    29.811] (II) modeset(0): Modeline "1280x800"x0.0   83.50  1280 1352 1480 1680  800 803 809 831 -hsync +vsync (49.7 kHz e)
[    30.688] (II) modeset(0): EDID vendor "ACR", prod id 345
[    30.688] (II) modeset(0): Using hsync ranges from config file
[    30.688] (II) modeset(0): Using vrefresh ranges from config file
[    30.688] (II) modeset(0): Printing DDC gathered Modelines:
[    30.688] (II) modeset(0): Modeline "1366x768"x0.0   85.50  1366 1436 1579 1792  768 771 774 798 -hsync +vsync (47.7 kHz eP)
[    30.688] (II) modeset(0): Modeline "800x600"x0.0   40.00  800 840 968 1056  600 601 605 628 +hsync +vsync (37.9 kHz e)
[    30.688] (II) modeset(0): Modeline "800x600"x0.0   36.00  800 824 896 1024  600 601 603 625 +hsync +vsync (35.2 kHz e)
[    30.688] (II) modeset(0): Modeline "640x480"x0.0   31.50  640 656 720 840  480 481 484 500 -hsync -vsync (37.5 kHz e)
[    30.688] (II) modeset(0): Modeline "640x480"x0.0   31.50  640 664 704 832  480 489 492 520 -hsync -vsync (37.9 kHz e)
[    30.688] (II) modeset(0): Modeline "640x480"x0.0   30.24  640 704 768 864  480 483 486 525 -hsync -vsync (35.0 kHz e)
[    30.688] (II) modeset(0): Modeline "640x480"x0.0   25.18  640 656 752 800  480 490 492 525 -hsync -vsync (31.5 kHz e)
[    30.688] (II) modeset(0): Modeline "720x400"x0.0   28.32  720 738 846 900  400 412 414 449 -hsync +vsync (31.5 kHz e)
[    30.688] (II) modeset(0): Modeline "1024x768"x0.0   78.75  1024 1040 1136 1312  768 769 772 800 +hsync +vsync (60.0 kHz e)
[    30.688] (II) modeset(0): Modeline "1024x768"x0.0   75.00  1024 1048 1184 1328  768 771 777 806 -hsync -vsync (56.5 kHz e)
[    30.688] (II) modeset(0): Modeline "1024x768"x0.0   65.00  1024 1048 1184 1344  768 771 777 806 -hsync -vsync (48.4 kHz e)
[    30.688] (II) modeset(0): Modeline "832x624"x0.0   57.28  832 864 928 1152  624 625 628 667 -hsync -vsync (49.7 kHz e)
[    30.688] (II) modeset(0): Modeline "800x600"x0.0   49.50  800 816 896 1056  600 601 604 625 +hsync +vsync (46.9 kHz e)
[    30.688] (II) modeset(0): Modeline "800x600"x0.0   50.00  800 856 976 1040  600 637 643 666 +hsync +vsync (48.1 kHz e)
[    30.688] (II) modeset(0): Modeline "1280x720"x60.0   74.48  1280 1336 1472 1664  720 721 724 746 -hsync +vsync (44.8 kHz e)
[    30.688] (II) modeset(0): Modeline "1280x800"x0.0   83.50  1280 1352 1480 1680  800 803 809 831 -hsync +vsync (49.7 kHz e)
[    30.704] (II) modeset(0): EDID vendor "ACR", prod id 345
[    30.704] (II) modeset(0): Using hsync ranges from config file
[    30.704] (II) modeset(0): Using vrefresh ranges from config file
[    30.704] (II) modeset(0): Printing DDC gathered Modelines:
[    30.704] (II) modeset(0): Modeline "1366x768"x0.0   85.50  1366 1436 1579 1792  768 771 774 798 -hsync +vsync (47.7 kHz eP)
[    30.704] (II) modeset(0): Modeline "800x600"x0.0   40.00  800 840 968 1056  600 601 605 628 +hsync +vsync (37.9 kHz e)
[    30.704] (II) modeset(0): Modeline "800x600"x0.0   36.00  800 824 896 1024  600 601 603 625 +hsync +vsync (35.2 kHz e)
[    30.704] (II) modeset(0): Modeline "640x480"x0.0   31.50  640 656 720 840  480 481 484 500 -hsync -vsync (37.5 kHz e)
[    30.704] (II) modeset(0): Modeline "640x480"x0.0   31.50  640 664 704 832  480 489 492 520 -hsync -vsync (37.9 kHz e)
[    30.704] (II) modeset(0): Modeline "640x480"x0.0   30.24  640 704 768 864  480 483 486 525 -hsync -vsync (35.0 kHz e)
[    30.704] (II) modeset(0): Modeline "640x480"x0.0   25.18  640 656 752 800  480 490 492 525 -hsync -vsync (31.5 kHz e)
[    30.704] (II) modeset(0): Modeline "720x400"x0.0   28.32  720 738 846 900  400 412 414 449 -hsync +vsync (31.5 kHz e)
[    30.704] (II) modeset(0): Modeline "1024x768"x0.0   78.75  1024 1040 1136 1312  768 769 772 800 +hsync +vsync (60.0 kHz e)
[    30.704] (II) modeset(0): Modeline "1024x768"x0.0   75.00  1024 1048 1184 1328  768 771 777 806 -hsync -vsync (56.5 kHz e)
[    30.704] (II) modeset(0): Modeline "1024x768"x0.0   65.00  1024 1048 1184 1344  768 771 777 806 -hsync -vsync (48.4 kHz e)
[    30.704] (II) modeset(0): Modeline "832x624"x0.0   57.28  832 864 928 1152  624 625 628 667 -hsync -vsync (49.7 kHz e)
[    30.704] (II) modeset(0): Modeline "800x600"x0.0   49.50  800 816 896 1056  600 601 604 625 +hsync +vsync (46.9 kHz e)
[    30.704] (II) modeset(0): Modeline "800x600"x0.0   50.00  800 856 976 1040  600 637 643 666 +hsync +vsync (48.1 kHz e)
[    30.704] (II) modeset(0): Modeline "1280x720"x60.0   74.48  1280 1336 1472 1664  720 721 724 746 -hsync +vsync (44.8 kHz e)
[    30.704] (II) modeset(0): Modeline "1280x800"x0.0   83.50  1280 1352 1480 1680  800 803 809 831 -hsync +vsync (49.7 kHz e)
